2024-02-15 19:36:37,749 - INFO - Fetching TMY data for latitude: 54.60452, longitude: -5.9286
2024-02-15 19:36:37,749 - INFO - Fetching TMY data for latitude: 54.60452, longitude: -5.9286
2024-02-15 19:36:38,884 - INFO - HTTP Request: GET https://re.jrc.ec.europa.eu/api/tmy?lat=54.60452&lon=-5.9286&startyear=2005&endyear=2015&outputformat=json "HTTP/1.1 200 OK"
2024-02-15 19:36:38,884 - INFO - HTTP Request: GET https://re.jrc.ec.europa.eu/api/tmy?lat=54.60452&lon=-5.9286&startyear=2005&endyear=2015&outputformat=json "HTTP/1.1 200 OK"
2024-02-15 19:36:39,688 - INFO - TMY data obtained for: 54.60452, longitude: -5.9286
2024-02-15 19:36:39,688 - INFO - TMY data obtained for: 54.60452, longitude: -5.9286
2024-02-15 19:36:39,690 - INFO - *******************
2024-02-15 19:36:39,690 - INFO - *******************
2024-02-15 19:36:39,691 - INFO - *******************
2024-02-15 19:36:39,691 - INFO - *******************
2024-02-15 19:36:39,692 - INFO - Starting model calculations for SolarPVModel.
2024-02-15 19:36:39,692 - INFO - Starting model calculations for SolarPVModel.
2024-02-15 19:36:39,693 - INFO - *******************
2024-02-15 19:36:39,693 - INFO - *******************
2024-02-15 19:36:39,694 - INFO - Simulating model for 3.2kWp, 35 degrees pitch & azimuth at 83 degrees WoS
2024-02-15 19:36:39,694 - INFO - Simulating model for 3.2kWp, 35 degrees pitch & azimuth at 83 degrees WoS
2024-02-15 19:36:39,724 - INFO - *******************
2024-02-15 19:36:39,724 - INFO - *******************
2024-02-15 19:36:39,725 - INFO - Model calculations completed.
2024-02-15 19:36:39,725 - INFO - Model calculations completed.
2024-02-15 19:36:39,742 - INFO - Model data aggregated.
2024-02-15 19:36:39,742 - INFO - Model data aggregated.
2024-02-15 19:36:39,746 - INFO - Model data summary complete.
2024-02-15 19:36:39,746 - INFO - Model data summary complete.
2024-02-15 19:36:39,747 - INFO - *******************
2024-02-15 19:36:39,747 - INFO - *******************
2024-02-15 19:36:39,749 - INFO - Model statistical analysis completed.
2024-02-15 19:36:39,749 - INFO - Model statistical analysis completed.
2024-02-15 19:36:39,763 - INFO - Model statistical grouping completed.
2024-02-15 19:36:39,763 - INFO - Model statistical grouping completed.
2024-02-15 19:36:39,765 - INFO - *******************
2024-02-15 19:36:39,765 - INFO - *******************
2024-02-15 19:36:39,968 - INFO - TMY data obtained for: 54.60452, longitude: -5.9286
2024-02-15 19:36:39,968 - INFO - TMY data obtained for: 54.60452, longitude: -5.9286
2024-02-15 19:36:39,969 - INFO - *******************
2024-02-15 19:36:39,969 - INFO - *******************
2024-02-15 19:36:39,981 - INFO - *******************
2024-02-15 19:36:39,981 - INFO - *******************
2024-02-15 19:36:39,982 - INFO - Starting model calculations for SolarPVModel.
2024-02-15 19:36:39,982 - INFO - Starting model calculations for SolarPVModel.
2024-02-15 19:36:39,983 - INFO - *******************
2024-02-15 19:36:39,983 - INFO - *******************
2024-02-15 19:36:39,984 - INFO - Simulating model for 1kWp, 35 degrees pitch & azimuth at 83 degrees WoS
2024-02-15 19:36:39,984 - INFO - Simulating model for 1kWp, 35 degrees pitch & azimuth at 83 degrees WoS
2024-02-15 19:36:40,013 - INFO - Simulating model for 1kWp, 35 degrees pitch & azimuth at -45 degrees WoS
2024-02-15 19:36:40,013 - INFO - Simulating model for 1kWp, 35 degrees pitch & azimuth at -45 degrees WoS
2024-02-15 19:36:40,044 - INFO - Simulating model for 1kWp, 35 degrees pitch & azimuth at 0 degrees WoS
2024-02-15 19:36:40,044 - INFO - Simulating model for 1kWp, 35 degrees pitch & azimuth at 0 degrees WoS
2024-02-15 19:36:40,073 - INFO - Simulating model for 1kWp, 35 degrees pitch & azimuth at 45 degrees WoS
2024-02-15 19:36:40,073 - INFO - Simulating model for 1kWp, 35 degrees pitch & azimuth at 45 degrees WoS
2024-02-15 19:36:40,103 - INFO - *******************
2024-02-15 19:36:40,103 - INFO - *******************
2024-02-15 19:36:40,104 - INFO - Model calculations completed.
2024-02-15 19:36:40,104 - INFO - Model calculations completed.
2024-02-15 19:36:40,129 - INFO - Model data aggregated.
2024-02-15 19:36:40,129 - INFO - Model data aggregated.
2024-02-15 19:36:40,136 - INFO - Model data summary complete.
2024-02-15 19:36:40,136 - INFO - Model data summary complete.
2024-02-15 19:36:40,137 - INFO - *******************
2024-02-15 19:36:40,137 - INFO - *******************
2024-02-15 19:36:40,140 - INFO - Model statistical analysis completed.
2024-02-15 19:36:40,140 - INFO - Model statistical analysis completed.
2024-02-15 19:36:40,155 - INFO - Model statistical grouping completed.
2024-02-15 19:36:40,155 - INFO - Model statistical grouping completed.
2024-02-15 19:36:40,157 - INFO - *******************
2024-02-15 19:36:40,157 - INFO - *******************
2024-02-15 19:36:40,685 - INFO - TMY data obtained for: 54.60452, longitude: -5.9286
2024-02-15 19:36:40,685 - INFO - TMY data obtained for: 54.60452, longitude: -5.9286
2024-02-15 19:36:40,686 - INFO - *******************
2024-02-15 19:36:40,686 - INFO - *******************
2024-02-15 19:36:40,722 - INFO - *******************
2024-02-15 19:36:40,722 - INFO - *******************
2024-02-15 19:36:40,723 - INFO - Starting model calculations for SolarPVModel.
2024-02-15 19:36:40,723 - INFO - Starting model calculations for SolarPVModel.
2024-02-15 19:36:40,724 - INFO - *******************
2024-02-15 19:36:40,724 - INFO - *******************
2024-02-15 19:36:40,725 - INFO - Simulating model for 2.5kWp, 35 degrees pitch & azimuth at 90 degrees WoS
2024-02-15 19:36:40,725 - INFO - Simulating model for 2.5kWp, 35 degrees pitch & azimuth at 90 degrees WoS
2024-02-15 19:36:40,766 - INFO - Simulating model for 2.5kWp, 35 degrees pitch & azimuth at 45 degrees WoS
2024-02-15 19:36:40,766 - INFO - Simulating model for 2.5kWp, 35 degrees pitch & azimuth at 45 degrees WoS
2024-02-15 19:36:40,798 - INFO - Simulating model for 2.5kWp, 35 degrees pitch & azimuth at 0 degrees WoS
2024-02-15 19:36:40,798 - INFO - Simulating model for 2.5kWp, 35 degrees pitch & azimuth at 0 degrees WoS
2024-02-15 19:36:40,831 - INFO - Simulating model for 2.5kWp, 35 degrees pitch & azimuth at -45 degrees WoS
2024-02-15 19:36:40,831 - INFO - Simulating model for 2.5kWp, 35 degrees pitch & azimuth at -45 degrees WoS
2024-02-15 19:36:40,862 - INFO - Simulating model for 2.5kWp, 35 degrees pitch & azimuth at -90 degrees WoS
2024-02-15 19:36:40,862 - INFO - Simulating model for 2.5kWp, 35 degrees pitch & azimuth at -90 degrees WoS
2024-02-15 19:36:40,893 - INFO - *******************
2024-02-15 19:36:40,893 - INFO - *******************
2024-02-15 19:36:40,894 - INFO - Model calculations completed.
2024-02-15 19:36:40,894 - INFO - Model calculations completed.
2024-02-15 19:36:40,925 - INFO - Model data aggregated.
2024-02-15 19:36:40,925 - INFO - Model data aggregated.
2024-02-15 19:36:40,933 - INFO - Model data summary complete.
2024-02-15 19:36:40,933 - INFO - Model data summary complete.
2024-02-15 19:36:40,934 - INFO - *******************
2024-02-15 19:36:40,934 - INFO - *******************
2024-02-15 19:36:40,937 - INFO - Model statistical analysis completed.
2024-02-15 19:36:40,937 - INFO - Model statistical analysis completed.
2024-02-15 19:36:40,966 - INFO - Model statistical grouping completed.
2024-02-15 19:36:40,966 - INFO - Model statistical grouping completed.
2024-02-15 19:36:40,968 - INFO - *******************
2024-02-15 19:36:40,968 - INFO - *******************
2024-02-15 19:36:40,971 - INFO - *******************
2024-02-15 19:36:40,971 - INFO - *******************
2024-02-15 19:36:40,973 - INFO - Starting model calculations for SolarPVModel.
2024-02-15 19:36:40,973 - INFO - Starting model calculations for SolarPVModel.
2024-02-15 19:36:40,975 - INFO - *******************
2024-02-15 19:36:40,975 - INFO - *******************
2024-02-15 19:36:40,977 - INFO - Simulating model for 2.75kWp, 35 degrees pitch & azimuth at 90 degrees WoS
2024-02-15 19:36:40,977 - INFO - Simulating model for 2.75kWp, 35 degrees pitch & azimuth at 90 degrees WoS
2024-02-15 19:36:41,012 - INFO - Simulating model for 2.75kWp, 35 degrees pitch & azimuth at 45 degrees WoS
2024-02-15 19:36:41,012 - INFO - Simulating model for 2.75kWp, 35 degrees pitch & azimuth at 45 degrees WoS
2024-02-15 19:36:41,046 - INFO - Simulating model for 2.75kWp, 35 degrees pitch & azimuth at 0 degrees WoS
2024-02-15 19:36:41,046 - INFO - Simulating model for 2.75kWp, 35 degrees pitch & azimuth at 0 degrees WoS
2024-02-15 19:36:41,076 - INFO - Simulating model for 2.75kWp, 35 degrees pitch & azimuth at -45 degrees WoS
2024-02-15 19:36:41,076 - INFO - Simulating model for 2.75kWp, 35 degrees pitch & azimuth at -45 degrees WoS
2024-02-15 19:36:41,106 - INFO - Simulating model for 2.75kWp, 35 degrees pitch & azimuth at -90 degrees WoS
2024-02-15 19:36:41,106 - INFO - Simulating model for 2.75kWp, 35 degrees pitch & azimuth at -90 degrees WoS
2024-02-15 19:36:41,137 - INFO - *******************
2024-02-15 19:36:41,137 - INFO - *******************
2024-02-15 19:36:41,138 - INFO - Model calculations completed.
2024-02-15 19:36:41,138 - INFO - Model calculations completed.
2024-02-15 19:36:41,166 - INFO - Model data aggregated.
2024-02-15 19:36:41,166 - INFO - Model data aggregated.
2024-02-15 19:36:41,173 - INFO - Model data summary complete.
2024-02-15 19:36:41,173 - INFO - Model data summary complete.
2024-02-15 19:36:41,175 - INFO - *******************
2024-02-15 19:36:41,175 - INFO - *******************
2024-02-15 19:36:41,177 - INFO - Model statistical analysis completed.
2024-02-15 19:36:41,177 - INFO - Model statistical analysis completed.
2024-02-15 19:36:41,192 - INFO - Model statistical grouping completed.
2024-02-15 19:36:41,192 - INFO - Model statistical grouping completed.
2024-02-15 19:36:41,193 - INFO - *******************
2024-02-15 19:36:41,193 - INFO - *******************
2024-02-15 19:36:41,194 - INFO - *******************
2024-02-15 19:36:41,194 - INFO - *******************
2024-02-15 19:36:41,195 - INFO - Starting model calculations for SolarPVModel.
2024-02-15 19:36:41,195 - INFO - Starting model calculations for SolarPVModel.
2024-02-15 19:36:41,195 - INFO - *******************
2024-02-15 19:36:41,195 - INFO - *******************
2024-02-15 19:36:41,196 - INFO - Simulating model for 3.0kWp, 35 degrees pitch & azimuth at 90 degrees WoS
2024-02-15 19:36:41,196 - INFO - Simulating model for 3.0kWp, 35 degrees pitch & azimuth at 90 degrees WoS
2024-02-15 19:36:41,226 - INFO - Simulating model for 3.0kWp, 35 degrees pitch & azimuth at 45 degrees WoS
2024-02-15 19:36:41,226 - INFO - Simulating model for 3.0kWp, 35 degrees pitch & azimuth at 45 degrees WoS
2024-02-15 19:36:41,256 - INFO - Simulating model for 3.0kWp, 35 degrees pitch & azimuth at 0 degrees WoS
2024-02-15 19:36:41,256 - INFO - Simulating model for 3.0kWp, 35 degrees pitch & azimuth at 0 degrees WoS
2024-02-15 19:36:41,285 - INFO - Simulating model for 3.0kWp, 35 degrees pitch & azimuth at -45 degrees WoS
2024-02-15 19:36:41,285 - INFO - Simulating model for 3.0kWp, 35 degrees pitch & azimuth at -45 degrees WoS
2024-02-15 19:36:41,315 - INFO - Simulating model for 3.0kWp, 35 degrees pitch & azimuth at -90 degrees WoS
2024-02-15 19:36:41,315 - INFO - Simulating model for 3.0kWp, 35 degrees pitch & azimuth at -90 degrees WoS
2024-02-15 19:36:41,345 - INFO - *******************
2024-02-15 19:36:41,345 - INFO - *******************
2024-02-15 19:36:41,346 - INFO - Model calculations completed.
2024-02-15 19:36:41,346 - INFO - Model calculations completed.
2024-02-15 19:36:41,373 - INFO - Model data aggregated.
2024-02-15 19:36:41,373 - INFO - Model data aggregated.
2024-02-15 19:36:41,380 - INFO - Model data summary complete.
2024-02-15 19:36:41,380 - INFO - Model data summary complete.
2024-02-15 19:36:41,381 - INFO - *******************
2024-02-15 19:36:41,381 - INFO - *******************
2024-02-15 19:36:41,383 - INFO - Model statistical analysis completed.
2024-02-15 19:36:41,383 - INFO - Model statistical analysis completed.
2024-02-15 19:36:41,398 - INFO - Model statistical grouping completed.
2024-02-15 19:36:41,398 - INFO - Model statistical grouping completed.
2024-02-15 19:36:41,398 - INFO - *******************
2024-02-15 19:36:41,398 - INFO - *******************
2024-02-15 19:36:41,399 - INFO - *******************
2024-02-15 19:36:41,399 - INFO - *******************
2024-02-15 19:36:41,400 - INFO - Starting model calculations for SolarPVModel.
2024-02-15 19:36:41,400 - INFO - Starting model calculations for SolarPVModel.
2024-02-15 19:36:41,401 - INFO - *******************
2024-02-15 19:36:41,401 - INFO - *******************
2024-02-15 19:36:41,402 - INFO - Simulating model for 3.25kWp, 35 degrees pitch & azimuth at 90 degrees WoS
2024-02-15 19:36:41,402 - INFO - Simulating model for 3.25kWp, 35 degrees pitch & azimuth at 90 degrees WoS
2024-02-15 19:36:41,432 - INFO - Simulating model for 3.25kWp, 35 degrees pitch & azimuth at 45 degrees WoS
2024-02-15 19:36:41,432 - INFO - Simulating model for 3.25kWp, 35 degrees pitch & azimuth at 45 degrees WoS
2024-02-15 19:36:41,461 - INFO - Simulating model for 3.25kWp, 35 degrees pitch & azimuth at 0 degrees WoS
2024-02-15 19:36:41,461 - INFO - Simulating model for 3.25kWp, 35 degrees pitch & azimuth at 0 degrees WoS
2024-02-15 19:36:41,490 - INFO - Simulating model for 3.25kWp, 35 degrees pitch & azimuth at -45 degrees WoS
2024-02-15 19:36:41,490 - INFO - Simulating model for 3.25kWp, 35 degrees pitch & azimuth at -45 degrees WoS
2024-02-15 19:36:41,519 - INFO - Simulating model for 3.25kWp, 35 degrees pitch & azimuth at -90 degrees WoS
2024-02-15 19:36:41,519 - INFO - Simulating model for 3.25kWp, 35 degrees pitch & azimuth at -90 degrees WoS
2024-02-15 19:36:41,549 - INFO - *******************
2024-02-15 19:36:41,549 - INFO - *******************
2024-02-15 19:36:41,550 - INFO - Model calculations completed.
2024-02-15 19:36:41,550 - INFO - Model calculations completed.
2024-02-15 19:36:41,576 - INFO - Model data aggregated.
2024-02-15 19:36:41,576 - INFO - Model data aggregated.
2024-02-15 19:36:41,584 - INFO - Model data summary complete.
2024-02-15 19:36:41,584 - INFO - Model data summary complete.
2024-02-15 19:36:41,585 - INFO - *******************
2024-02-15 19:36:41,585 - INFO - *******************
2024-02-15 19:36:41,586 - INFO - Model statistical analysis completed.
2024-02-15 19:36:41,586 - INFO - Model statistical analysis completed.
2024-02-15 19:36:41,601 - INFO - Model statistical grouping completed.
2024-02-15 19:36:41,601 - INFO - Model statistical grouping completed.
2024-02-15 19:36:41,602 - INFO - *******************
2024-02-15 19:36:41,602 - INFO - *******************
2024-02-15 19:36:41,603 - INFO - *******************
2024-02-15 19:36:41,603 - INFO - *******************
2024-02-15 19:36:41,604 - INFO - Starting model calculations for SolarPVModel.
2024-02-15 19:36:41,604 - INFO - Starting model calculations for SolarPVModel.
2024-02-15 19:36:41,604 - INFO - *******************
2024-02-15 19:36:41,604 - INFO - *******************
2024-02-15 19:36:41,605 - INFO - Simulating model for 3.5kWp, 35 degrees pitch & azimuth at 90 degrees WoS
2024-02-15 19:36:41,605 - INFO - Simulating model for 3.5kWp, 35 degrees pitch & azimuth at 90 degrees WoS
2024-02-15 19:36:41,635 - INFO - Simulating model for 3.5kWp, 35 degrees pitch & azimuth at 45 degrees WoS
2024-02-15 19:36:41,635 - INFO - Simulating model for 3.5kWp, 35 degrees pitch & azimuth at 45 degrees WoS
2024-02-15 19:36:41,663 - INFO - Simulating model for 3.5kWp, 35 degrees pitch & azimuth at 0 degrees WoS
2024-02-15 19:36:41,663 - INFO - Simulating model for 3.5kWp, 35 degrees pitch & azimuth at 0 degrees WoS
2024-02-15 19:36:41,692 - INFO - Simulating model for 3.5kWp, 35 degrees pitch & azimuth at -45 degrees WoS
2024-02-15 19:36:41,692 - INFO - Simulating model for 3.5kWp, 35 degrees pitch & azimuth at -45 degrees WoS
2024-02-15 19:36:41,722 - INFO - Simulating model for 3.5kWp, 35 degrees pitch & azimuth at -90 degrees WoS
2024-02-15 19:36:41,722 - INFO - Simulating model for 3.5kWp, 35 degrees pitch & azimuth at -90 degrees WoS
2024-02-15 19:36:41,751 - INFO - *******************
2024-02-15 19:36:41,751 - INFO - *******************
2024-02-15 19:36:41,752 - INFO - Model calculations completed.
2024-02-15 19:36:41,752 - INFO - Model calculations completed.
2024-02-15 19:36:41,779 - INFO - Model data aggregated.
2024-02-15 19:36:41,779 - INFO - Model data aggregated.
2024-02-15 19:36:41,786 - INFO - Model data summary complete.
2024-02-15 19:36:41,786 - INFO - Model data summary complete.
2024-02-15 19:36:41,788 - INFO - *******************
2024-02-15 19:36:41,788 - INFO - *******************
2024-02-15 19:36:41,790 - INFO - Model statistical analysis completed.
2024-02-15 19:36:41,790 - INFO - Model statistical analysis completed.
2024-02-15 19:36:41,805 - INFO - Model statistical grouping completed.
2024-02-15 19:36:41,805 - INFO - Model statistical grouping completed.
2024-02-15 19:36:41,806 - INFO - *******************
2024-02-15 19:36:41,806 - INFO - *******************
2024-02-15 19:36:41,806 - INFO - *******************
2024-02-15 19:36:41,806 - INFO - *******************
2024-02-15 19:36:41,807 - INFO - Starting model calculations for SolarPVModel.
2024-02-15 19:36:41,807 - INFO - Starting model calculations for SolarPVModel.
2024-02-15 19:36:41,808 - INFO - *******************
2024-02-15 19:36:41,808 - INFO - *******************
2024-02-15 19:36:41,809 - INFO - Simulating model for 3.75kWp, 35 degrees pitch & azimuth at 90 degrees WoS
2024-02-15 19:36:41,809 - INFO - Simulating model for 3.75kWp, 35 degrees pitch & azimuth at 90 degrees WoS
2024-02-15 19:36:41,838 - INFO - Simulating model for 3.75kWp, 35 degrees pitch & azimuth at 45 degrees WoS
2024-02-15 19:36:41,838 - INFO - Simulating model for 3.75kWp, 35 degrees pitch & azimuth at 45 degrees WoS
2024-02-15 19:36:41,868 - INFO - Simulating model for 3.75kWp, 35 degrees pitch & azimuth at 0 degrees WoS
2024-02-15 19:36:41,868 - INFO - Simulating model for 3.75kWp, 35 degrees pitch & azimuth at 0 degrees WoS
2024-02-15 19:36:41,897 - INFO - Simulating model for 3.75kWp, 35 degrees pitch & azimuth at -45 degrees WoS
2024-02-15 19:36:41,897 - INFO - Simulating model for 3.75kWp, 35 degrees pitch & azimuth at -45 degrees WoS
2024-02-15 19:36:41,927 - INFO - Simulating model for 3.75kWp, 35 degrees pitch & azimuth at -90 degrees WoS
2024-02-15 19:36:41,927 - INFO - Simulating model for 3.75kWp, 35 degrees pitch & azimuth at -90 degrees WoS
2024-02-15 19:36:41,956 - INFO - *******************
2024-02-15 19:36:41,956 - INFO - *******************
2024-02-15 19:36:41,957 - INFO - Model calculations completed.
2024-02-15 19:36:41,957 - INFO - Model calculations completed.
2024-02-15 19:36:41,983 - INFO - Model data aggregated.
2024-02-15 19:36:41,983 - INFO - Model data aggregated.
2024-02-15 19:36:41,991 - INFO - Model data summary complete.
2024-02-15 19:36:41,991 - INFO - Model data summary complete.
2024-02-15 19:36:41,992 - INFO - *******************
2024-02-15 19:36:41,992 - INFO - *******************
2024-02-15 19:36:41,994 - INFO - Model statistical analysis completed.
2024-02-15 19:36:41,994 - INFO - Model statistical analysis completed.
2024-02-15 19:36:42,008 - INFO - Model statistical grouping completed.
2024-02-15 19:36:42,008 - INFO - Model statistical grouping completed.
2024-02-15 19:36:42,009 - INFO - *******************
2024-02-15 19:36:42,009 - INFO - *******************
2024-02-15 19:36:42,010 - INFO - *******************
2024-02-15 19:36:42,010 - INFO - *******************
2024-02-15 19:36:42,011 - INFO - Starting model calculations for SolarPVModel.
2024-02-15 19:36:42,011 - INFO - Starting model calculations for SolarPVModel.
2024-02-15 19:36:42,012 - INFO - *******************
2024-02-15 19:36:42,012 - INFO - *******************
2024-02-15 19:36:42,013 - INFO - Simulating model for 4.0kWp, 35 degrees pitch & azimuth at 90 degrees WoS
2024-02-15 19:36:42,013 - INFO - Simulating model for 4.0kWp, 35 degrees pitch & azimuth at 90 degrees WoS
2024-02-15 19:36:42,042 - INFO - Simulating model for 4.0kWp, 35 degrees pitch & azimuth at 45 degrees WoS
2024-02-15 19:36:42,042 - INFO - Simulating model for 4.0kWp, 35 degrees pitch & azimuth at 45 degrees WoS
2024-02-15 19:36:42,071 - INFO - Simulating model for 4.0kWp, 35 degrees pitch & azimuth at 0 degrees WoS
2024-02-15 19:36:42,071 - INFO - Simulating model for 4.0kWp, 35 degrees pitch & azimuth at 0 degrees WoS
2024-02-15 19:36:42,101 - INFO - Simulating model for 4.0kWp, 35 degrees pitch & azimuth at -45 degrees WoS
2024-02-15 19:36:42,101 - INFO - Simulating model for 4.0kWp, 35 degrees pitch & azimuth at -45 degrees WoS
2024-02-15 19:36:42,131 - INFO - Simulating model for 4.0kWp, 35 degrees pitch & azimuth at -90 degrees WoS
2024-02-15 19:36:42,131 - INFO - Simulating model for 4.0kWp, 35 degrees pitch & azimuth at -90 degrees WoS
2024-02-15 19:36:42,159 - INFO - *******************
2024-02-15 19:36:42,159 - INFO - *******************
2024-02-15 19:36:42,160 - INFO - Model calculations completed.
2024-02-15 19:36:42,160 - INFO - Model calculations completed.
2024-02-15 19:36:42,186 - INFO - Model data aggregated.
2024-02-15 19:36:42,186 - INFO - Model data aggregated.
2024-02-15 19:36:42,193 - INFO - Model data summary complete.
2024-02-15 19:36:42,193 - INFO - Model data summary complete.
2024-02-15 19:36:42,194 - INFO - *******************
2024-02-15 19:36:42,194 - INFO - *******************
2024-02-15 19:36:42,196 - INFO - Model statistical analysis completed.
2024-02-15 19:36:42,196 - INFO - Model statistical analysis completed.
2024-02-15 19:36:42,210 - INFO - Model statistical grouping completed.
2024-02-15 19:36:42,210 - INFO - Model statistical grouping completed.
2024-02-15 19:36:42,211 - INFO - *******************
2024-02-15 19:36:42,211 - INFO - *******************
2024-02-15 19:36:42,212 - INFO - *******************
2024-02-15 19:36:42,212 - INFO - *******************
2024-02-15 19:36:42,213 - INFO - Starting model calculations for SolarPVModel.
2024-02-15 19:36:42,213 - INFO - Starting model calculations for SolarPVModel.
2024-02-15 19:36:42,214 - INFO - *******************
2024-02-15 19:36:42,214 - INFO - *******************
2024-02-15 19:36:42,215 - INFO - Simulating model for 4.25kWp, 35 degrees pitch & azimuth at 90 degrees WoS
2024-02-15 19:36:42,215 - INFO - Simulating model for 4.25kWp, 35 degrees pitch & azimuth at 90 degrees WoS
2024-02-15 19:36:42,243 - INFO - Simulating model for 4.25kWp, 35 degrees pitch & azimuth at 45 degrees WoS
2024-02-15 19:36:42,243 - INFO - Simulating model for 4.25kWp, 35 degrees pitch & azimuth at 45 degrees WoS
2024-02-15 19:36:42,273 - INFO - Simulating model for 4.25kWp, 35 degrees pitch & azimuth at 0 degrees WoS
2024-02-15 19:36:42,273 - INFO - Simulating model for 4.25kWp, 35 degrees pitch & azimuth at 0 degrees WoS
2024-02-15 19:36:42,303 - INFO - Simulating model for 4.25kWp, 35 degrees pitch & azimuth at -45 degrees WoS
2024-02-15 19:36:42,303 - INFO - Simulating model for 4.25kWp, 35 degrees pitch & azimuth at -45 degrees WoS
2024-02-15 19:36:42,332 - INFO - Simulating model for 4.25kWp, 35 degrees pitch & azimuth at -90 degrees WoS
2024-02-15 19:36:42,332 - INFO - Simulating model for 4.25kWp, 35 degrees pitch & azimuth at -90 degrees WoS
2024-02-15 19:36:42,373 - INFO - *******************
2024-02-15 19:36:42,373 - INFO - *******************
2024-02-15 19:36:42,375 - INFO - Model calculations completed.
2024-02-15 19:36:42,375 - INFO - Model calculations completed.
2024-02-15 19:36:42,405 - INFO - Model data aggregated.
2024-02-15 19:36:42,405 - INFO - Model data aggregated.
2024-02-15 19:36:42,413 - INFO - Model data summary complete.
2024-02-15 19:36:42,413 - INFO - Model data summary complete.
2024-02-15 19:36:42,415 - INFO - *******************
2024-02-15 19:36:42,415 - INFO - *******************
2024-02-15 19:36:42,417 - INFO - Model statistical analysis completed.
2024-02-15 19:36:42,417 - INFO - Model statistical analysis completed.
2024-02-15 19:36:42,433 - INFO - Model statistical grouping completed.
2024-02-15 19:36:42,433 - INFO - Model statistical grouping completed.
2024-02-15 19:36:42,434 - INFO - *******************
2024-02-15 19:36:42,434 - INFO - *******************
2024-02-15 19:36:42,435 - INFO - *******************
2024-02-15 19:36:42,435 - INFO - *******************
2024-02-15 19:36:42,436 - INFO - Starting model calculations for SolarPVModel.
2024-02-15 19:36:42,436 - INFO - Starting model calculations for SolarPVModel.
2024-02-15 19:36:42,437 - INFO - *******************
2024-02-15 19:36:42,437 - INFO - *******************
2024-02-15 19:36:42,438 - INFO - Simulating model for 4.5kWp, 35 degrees pitch & azimuth at 90 degrees WoS
2024-02-15 19:36:42,438 - INFO - Simulating model for 4.5kWp, 35 degrees pitch & azimuth at 90 degrees WoS
2024-02-15 19:36:42,469 - INFO - Simulating model for 4.5kWp, 35 degrees pitch & azimuth at 45 degrees WoS
2024-02-15 19:36:42,469 - INFO - Simulating model for 4.5kWp, 35 degrees pitch & azimuth at 45 degrees WoS
2024-02-15 19:36:42,500 - INFO - Simulating model for 4.5kWp, 35 degrees pitch & azimuth at 0 degrees WoS
2024-02-15 19:36:42,500 - INFO - Simulating model for 4.5kWp, 35 degrees pitch & azimuth at 0 degrees WoS
2024-02-15 19:36:42,529 - INFO - Simulating model for 4.5kWp, 35 degrees pitch & azimuth at -45 degrees WoS
2024-02-15 19:36:42,529 - INFO - Simulating model for 4.5kWp, 35 degrees pitch & azimuth at -45 degrees WoS
2024-02-15 19:36:42,559 - INFO - Simulating model for 4.5kWp, 35 degrees pitch & azimuth at -90 degrees WoS
2024-02-15 19:36:42,559 - INFO - Simulating model for 4.5kWp, 35 degrees pitch & azimuth at -90 degrees WoS
2024-02-15 19:36:42,590 - INFO - *******************
2024-02-15 19:36:42,590 - INFO - *******************
2024-02-15 19:36:42,591 - INFO - Model calculations completed.
2024-02-15 19:36:42,591 - INFO - Model calculations completed.
2024-02-15 19:36:42,617 - INFO - Model data aggregated.
2024-02-15 19:36:42,617 - INFO - Model data aggregated.
2024-02-15 19:36:42,625 - INFO - Model data summary complete.
2024-02-15 19:36:42,625 - INFO - Model data summary complete.
2024-02-15 19:36:42,626 - INFO - *******************
2024-02-15 19:36:42,626 - INFO - *******************
2024-02-15 19:36:42,628 - INFO - Model statistical analysis completed.
2024-02-15 19:36:42,628 - INFO - Model statistical analysis completed.
2024-02-15 19:36:42,643 - INFO - Model statistical grouping completed.
2024-02-15 19:36:42,643 - INFO - Model statistical grouping completed.
2024-02-15 19:36:42,644 - INFO - *******************
2024-02-15 19:36:42,644 - INFO - *******************
2024-02-15 19:36:42,645 - INFO - *******************
2024-02-15 19:36:42,645 - INFO - *******************
2024-02-15 19:36:42,646 - INFO - Starting model calculations for SolarPVModel.
2024-02-15 19:36:42,646 - INFO - Starting model calculations for SolarPVModel.
2024-02-15 19:36:42,647 - INFO - *******************
2024-02-15 19:36:42,647 - INFO - *******************
2024-02-15 19:36:42,648 - INFO - Simulating model for 4.75kWp, 35 degrees pitch & azimuth at 90 degrees WoS
2024-02-15 19:36:42,648 - INFO - Simulating model for 4.75kWp, 35 degrees pitch & azimuth at 90 degrees WoS
2024-02-15 19:36:42,678 - INFO - Simulating model for 4.75kWp, 35 degrees pitch & azimuth at 45 degrees WoS
2024-02-15 19:36:42,678 - INFO - Simulating model for 4.75kWp, 35 degrees pitch & azimuth at 45 degrees WoS
2024-02-15 19:36:42,708 - INFO - Simulating model for 4.75kWp, 35 degrees pitch & azimuth at 0 degrees WoS
2024-02-15 19:36:42,708 - INFO - Simulating model for 4.75kWp, 35 degrees pitch & azimuth at 0 degrees WoS
2024-02-15 19:36:42,737 - INFO - Simulating model for 4.75kWp, 35 degrees pitch & azimuth at -45 degrees WoS
2024-02-15 19:36:42,737 - INFO - Simulating model for 4.75kWp, 35 degrees pitch & azimuth at -45 degrees WoS
2024-02-15 19:36:42,769 - INFO - Simulating model for 4.75kWp, 35 degrees pitch & azimuth at -90 degrees WoS
2024-02-15 19:36:42,769 - INFO - Simulating model for 4.75kWp, 35 degrees pitch & azimuth at -90 degrees WoS
2024-02-15 19:36:42,798 - INFO - *******************
2024-02-15 19:36:42,798 - INFO - *******************
2024-02-15 19:36:42,799 - INFO - Model calculations completed.
2024-02-15 19:36:42,799 - INFO - Model calculations completed.
2024-02-15 19:36:42,825 - INFO - Model data aggregated.
2024-02-15 19:36:42,825 - INFO - Model data aggregated.
2024-02-15 19:36:42,833 - INFO - Model data summary complete.
2024-02-15 19:36:42,833 - INFO - Model data summary complete.
2024-02-15 19:36:42,833 - INFO - *******************
2024-02-15 19:36:42,833 - INFO - *******************
2024-02-15 19:36:42,836 - INFO - Model statistical analysis completed.
2024-02-15 19:36:42,836 - INFO - Model statistical analysis completed.
2024-02-15 19:36:42,851 - INFO - Model statistical grouping completed.
2024-02-15 19:36:42,851 - INFO - Model statistical grouping completed.
2024-02-15 19:36:42,852 - INFO - *******************
2024-02-15 19:36:42,852 - INFO - *******************
2024-02-15 19:36:42,852 - INFO - *******************
2024-02-15 19:36:42,852 - INFO - *******************
2024-02-15 19:36:42,853 - INFO - Starting model calculations for SolarPVModel.
2024-02-15 19:36:42,853 - INFO - Starting model calculations for SolarPVModel.
2024-02-15 19:36:42,854 - INFO - *******************
2024-02-15 19:36:42,854 - INFO - *******************
2024-02-15 19:36:42,855 - INFO - Simulating model for 5.0kWp, 35 degrees pitch & azimuth at 90 degrees WoS
2024-02-15 19:36:42,855 - INFO - Simulating model for 5.0kWp, 35 degrees pitch & azimuth at 90 degrees WoS
2024-02-15 19:36:42,885 - INFO - Simulating model for 5.0kWp, 35 degrees pitch & azimuth at 45 degrees WoS
2024-02-15 19:36:42,885 - INFO - Simulating model for 5.0kWp, 35 degrees pitch & azimuth at 45 degrees WoS
2024-02-15 19:36:42,915 - INFO - Simulating model for 5.0kWp, 35 degrees pitch & azimuth at 0 degrees WoS
2024-02-15 19:36:42,915 - INFO - Simulating model for 5.0kWp, 35 degrees pitch & azimuth at 0 degrees WoS
2024-02-15 19:36:42,946 - INFO - Simulating model for 5.0kWp, 35 degrees pitch & azimuth at -45 degrees WoS
2024-02-15 19:36:42,946 - INFO - Simulating model for 5.0kWp, 35 degrees pitch & azimuth at -45 degrees WoS
2024-02-15 19:36:42,977 - INFO - Simulating model for 5.0kWp, 35 degrees pitch & azimuth at -90 degrees WoS
2024-02-15 19:36:42,977 - INFO - Simulating model for 5.0kWp, 35 degrees pitch & azimuth at -90 degrees WoS
2024-02-15 19:36:43,008 - INFO - *******************
2024-02-15 19:36:43,008 - INFO - *******************
2024-02-15 19:36:43,009 - INFO - Model calculations completed.
2024-02-15 19:36:43,009 - INFO - Model calculations completed.
2024-02-15 19:36:43,037 - INFO - Model data aggregated.
2024-02-15 19:36:43,037 - INFO - Model data aggregated.
2024-02-15 19:36:43,045 - INFO - Model data summary complete.
2024-02-15 19:36:43,045 - INFO - Model data summary complete.
2024-02-15 19:36:43,046 - INFO - *******************
2024-02-15 19:36:43,046 - INFO - *******************
2024-02-15 19:36:43,048 - INFO - Model statistical analysis completed.
2024-02-15 19:36:43,048 - INFO - Model statistical analysis completed.
2024-02-15 19:36:43,063 - INFO - Model statistical grouping completed.
2024-02-15 19:36:43,063 - INFO - Model statistical grouping completed.
2024-02-15 19:36:43,064 - INFO - *******************
2024-02-15 19:36:43,064 - INFO - *******************
2024-02-15 19:36:43,065 - INFO - *******************
2024-02-15 19:36:43,065 - INFO - *******************
2024-02-15 19:36:43,066 - INFO - Starting model calculations for SolarPVModel.
2024-02-15 19:36:43,066 - INFO - Starting model calculations for SolarPVModel.
2024-02-15 19:36:43,067 - INFO - *******************
2024-02-15 19:36:43,067 - INFO - *******************
2024-02-15 19:36:43,068 - INFO - Simulating model for 5.25kWp, 35 degrees pitch & azimuth at 90 degrees WoS
2024-02-15 19:36:43,068 - INFO - Simulating model for 5.25kWp, 35 degrees pitch & azimuth at 90 degrees WoS
2024-02-15 19:36:43,098 - INFO - Simulating model for 5.25kWp, 35 degrees pitch & azimuth at 45 degrees WoS
2024-02-15 19:36:43,098 - INFO - Simulating model for 5.25kWp, 35 degrees pitch & azimuth at 45 degrees WoS
2024-02-15 19:36:43,128 - INFO - Simulating model for 5.25kWp, 35 degrees pitch & azimuth at 0 degrees WoS
2024-02-15 19:36:43,128 - INFO - Simulating model for 5.25kWp, 35 degrees pitch & azimuth at 0 degrees WoS
2024-02-15 19:36:43,158 - INFO - Simulating model for 5.25kWp, 35 degrees pitch & azimuth at -45 degrees WoS
2024-02-15 19:36:43,158 - INFO - Simulating model for 5.25kWp, 35 degrees pitch & azimuth at -45 degrees WoS
2024-02-15 19:36:43,187 - INFO - Simulating model for 5.25kWp, 35 degrees pitch & azimuth at -90 degrees WoS
2024-02-15 19:36:43,187 - INFO - Simulating model for 5.25kWp, 35 degrees pitch & azimuth at -90 degrees WoS
2024-02-15 19:36:43,218 - INFO - *******************
2024-02-15 19:36:43,218 - INFO - *******************
2024-02-15 19:36:43,219 - INFO - Model calculations completed.
2024-02-15 19:36:43,219 - INFO - Model calculations completed.
2024-02-15 19:36:43,246 - INFO - Model data aggregated.
2024-02-15 19:36:43,246 - INFO - Model data aggregated.
2024-02-15 19:36:43,254 - INFO - Model data summary complete.
2024-02-15 19:36:43,254 - INFO - Model data summary complete.
2024-02-15 19:36:43,255 - INFO - *******************
2024-02-15 19:36:43,255 - INFO - *******************
2024-02-15 19:36:43,258 - INFO - Model statistical analysis completed.
2024-02-15 19:36:43,258 - INFO - Model statistical analysis completed.
2024-02-15 19:36:43,271 - INFO - Model statistical grouping completed.
2024-02-15 19:36:43,271 - INFO - Model statistical grouping completed.
2024-02-15 19:36:43,272 - INFO - *******************
2024-02-15 19:36:43,272 - INFO - *******************
2024-02-15 19:36:43,273 - INFO - *******************
2024-02-15 19:36:43,273 - INFO - *******************
2024-02-15 19:36:43,275 - INFO - Starting model calculations for SolarPVModel.
2024-02-15 19:36:43,275 - INFO - Starting model calculations for SolarPVModel.
2024-02-15 19:36:43,276 - INFO - *******************
2024-02-15 19:36:43,276 - INFO - *******************
2024-02-15 19:36:43,276 - INFO - Simulating model for 5.5kWp, 35 degrees pitch & azimuth at 90 degrees WoS
2024-02-15 19:36:43,276 - INFO - Simulating model for 5.5kWp, 35 degrees pitch & azimuth at 90 degrees WoS
2024-02-15 19:36:43,306 - INFO - Simulating model for 5.5kWp, 35 degrees pitch & azimuth at 45 degrees WoS
2024-02-15 19:36:43,306 - INFO - Simulating model for 5.5kWp, 35 degrees pitch & azimuth at 45 degrees WoS
2024-02-15 19:36:43,335 - INFO - Simulating model for 5.5kWp, 35 degrees pitch & azimuth at 0 degrees WoS
2024-02-15 19:36:43,335 - INFO - Simulating model for 5.5kWp, 35 degrees pitch & azimuth at 0 degrees WoS
2024-02-15 19:36:43,365 - INFO - Simulating model for 5.5kWp, 35 degrees pitch & azimuth at -45 degrees WoS
2024-02-15 19:36:43,365 - INFO - Simulating model for 5.5kWp, 35 degrees pitch & azimuth at -45 degrees WoS
2024-02-15 19:36:43,396 - INFO - Simulating model for 5.5kWp, 35 degrees pitch & azimuth at -90 degrees WoS
2024-02-15 19:36:43,396 - INFO - Simulating model for 5.5kWp, 35 degrees pitch & azimuth at -90 degrees WoS
2024-02-15 19:36:43,433 - INFO - *******************
2024-02-15 19:36:43,433 - INFO - *******************
2024-02-15 19:36:43,435 - INFO - Model calculations completed.
2024-02-15 19:36:43,435 - INFO - Model calculations completed.
2024-02-15 19:36:43,466 - INFO - Model data aggregated.
2024-02-15 19:36:43,466 - INFO - Model data aggregated.
2024-02-15 19:36:43,475 - INFO - Model data summary complete.
2024-02-15 19:36:43,475 - INFO - Model data summary complete.
2024-02-15 19:36:43,476 - INFO - *******************
2024-02-15 19:36:43,476 - INFO - *******************
2024-02-15 19:36:43,479 - INFO - Model statistical analysis completed.
2024-02-15 19:36:43,479 - INFO - Model statistical analysis completed.
2024-02-15 19:36:43,494 - INFO - Model statistical grouping completed.
2024-02-15 19:36:43,494 - INFO - Model statistical grouping completed.
2024-02-15 19:36:43,495 - INFO - *******************
2024-02-15 19:36:43,495 - INFO - *******************
2024-02-15 19:36:43,495 - INFO - *******************
2024-02-15 19:36:43,495 - INFO - *******************
2024-02-15 19:36:43,497 - INFO - Starting model calculations for SolarPVModel.
2024-02-15 19:36:43,497 - INFO - Starting model calculations for SolarPVModel.
2024-02-15 19:36:43,498 - INFO - *******************
2024-02-15 19:36:43,498 - INFO - *******************
2024-02-15 19:36:43,499 - INFO - Simulating model for 5.75kWp, 35 degrees pitch & azimuth at 90 degrees WoS
2024-02-15 19:36:43,499 - INFO - Simulating model for 5.75kWp, 35 degrees pitch & azimuth at 90 degrees WoS
2024-02-15 19:36:43,529 - INFO - Simulating model for 5.75kWp, 35 degrees pitch & azimuth at 45 degrees WoS
2024-02-15 19:36:43,529 - INFO - Simulating model for 5.75kWp, 35 degrees pitch & azimuth at 45 degrees WoS
2024-02-15 19:36:43,559 - INFO - Simulating model for 5.75kWp, 35 degrees pitch & azimuth at 0 degrees WoS
2024-02-15 19:36:43,559 - INFO - Simulating model for 5.75kWp, 35 degrees pitch & azimuth at 0 degrees WoS
2024-02-15 19:36:43,589 - INFO - Simulating model for 5.75kWp, 35 degrees pitch & azimuth at -45 degrees WoS
2024-02-15 19:36:43,589 - INFO - Simulating model for 5.75kWp, 35 degrees pitch & azimuth at -45 degrees WoS
2024-02-15 19:36:43,618 - INFO - Simulating model for 5.75kWp, 35 degrees pitch & azimuth at -90 degrees WoS
2024-02-15 19:36:43,618 - INFO - Simulating model for 5.75kWp, 35 degrees pitch & azimuth at -90 degrees WoS
2024-02-15 19:36:43,649 - INFO - *******************
2024-02-15 19:36:43,649 - INFO - *******************
2024-02-15 19:36:43,650 - INFO - Model calculations completed.
2024-02-15 19:36:43,650 - INFO - Model calculations completed.
2024-02-15 19:36:43,677 - INFO - Model data aggregated.
2024-02-15 19:36:43,677 - INFO - Model data aggregated.
2024-02-15 19:36:43,684 - INFO - Model data summary complete.
2024-02-15 19:36:43,684 - INFO - Model data summary complete.
2024-02-15 19:36:43,685 - INFO - *******************
2024-02-15 19:36:43,685 - INFO - *******************
2024-02-15 19:36:43,687 - INFO - Model statistical analysis completed.
2024-02-15 19:36:43,687 - INFO - Model statistical analysis completed.
2024-02-15 19:36:43,701 - INFO - Model statistical grouping completed.
2024-02-15 19:36:43,701 - INFO - Model statistical grouping completed.
2024-02-15 19:36:43,702 - INFO - *******************
2024-02-15 19:36:43,702 - INFO - *******************
2024-02-15 19:36:43,703 - INFO - *******************
2024-02-15 19:36:43,703 - INFO - *******************
2024-02-15 19:36:43,703 - INFO - Starting model calculations for SolarPVModel.
2024-02-15 19:36:43,703 - INFO - Starting model calculations for SolarPVModel.
2024-02-15 19:36:43,705 - INFO - *******************
2024-02-15 19:36:43,705 - INFO - *******************
2024-02-15 19:36:43,706 - INFO - Simulating model for 6.0kWp, 35 degrees pitch & azimuth at 90 degrees WoS
2024-02-15 19:36:43,706 - INFO - Simulating model for 6.0kWp, 35 degrees pitch & azimuth at 90 degrees WoS
2024-02-15 19:36:43,735 - INFO - Simulating model for 6.0kWp, 35 degrees pitch & azimuth at 45 degrees WoS
2024-02-15 19:36:43,735 - INFO - Simulating model for 6.0kWp, 35 degrees pitch & azimuth at 45 degrees WoS
2024-02-15 19:36:43,765 - INFO - Simulating model for 6.0kWp, 35 degrees pitch & azimuth at 0 degrees WoS
2024-02-15 19:36:43,765 - INFO - Simulating model for 6.0kWp, 35 degrees pitch & azimuth at 0 degrees WoS
2024-02-15 19:36:43,795 - INFO - Simulating model for 6.0kWp, 35 degrees pitch & azimuth at -45 degrees WoS
2024-02-15 19:36:43,795 - INFO - Simulating model for 6.0kWp, 35 degrees pitch & azimuth at -45 degrees WoS
2024-02-15 19:36:43,825 - INFO - Simulating model for 6.0kWp, 35 degrees pitch & azimuth at -90 degrees WoS
2024-02-15 19:36:43,825 - INFO - Simulating model for 6.0kWp, 35 degrees pitch & azimuth at -90 degrees WoS
2024-02-15 19:36:43,855 - INFO - *******************
2024-02-15 19:36:43,855 - INFO - *******************
2024-02-15 19:36:43,855 - INFO - Model calculations completed.
2024-02-15 19:36:43,855 - INFO - Model calculations completed.
2024-02-15 19:36:43,883 - INFO - Model data aggregated.
2024-02-15 19:36:43,883 - INFO - Model data aggregated.
2024-02-15 19:36:43,890 - INFO - Model data summary complete.
2024-02-15 19:36:43,890 - INFO - Model data summary complete.
2024-02-15 19:36:43,891 - INFO - *******************
2024-02-15 19:36:43,891 - INFO - *******************
2024-02-15 19:36:43,893 - INFO - Model statistical analysis completed.
2024-02-15 19:36:43,893 - INFO - Model statistical analysis completed.
2024-02-15 19:36:43,907 - INFO - Model statistical grouping completed.
2024-02-15 19:36:43,907 - INFO - Model statistical grouping completed.
2024-02-15 19:36:43,908 - INFO - *******************
2024-02-15 19:36:43,908 - INFO - *******************
2024-02-15 19:36:43,909 - INFO - *******************
2024-02-15 19:36:43,909 - INFO - *******************
2024-02-15 19:36:43,909 - INFO - Starting model calculations for SolarPVModel.
2024-02-15 19:36:43,909 - INFO - Starting model calculations for SolarPVModel.
2024-02-15 19:36:43,911 - INFO - *******************
2024-02-15 19:36:43,911 - INFO - *******************
2024-02-15 19:36:43,911 - INFO - Simulating model for 6.25kWp, 35 degrees pitch & azimuth at 90 degrees WoS
2024-02-15 19:36:43,911 - INFO - Simulating model for 6.25kWp, 35 degrees pitch & azimuth at 90 degrees WoS
2024-02-15 19:36:43,942 - INFO - Simulating model for 6.25kWp, 35 degrees pitch & azimuth at 45 degrees WoS
2024-02-15 19:36:43,942 - INFO - Simulating model for 6.25kWp, 35 degrees pitch & azimuth at 45 degrees WoS
2024-02-15 19:36:43,972 - INFO - Simulating model for 6.25kWp, 35 degrees pitch & azimuth at 0 degrees WoS
2024-02-15 19:36:43,972 - INFO - Simulating model for 6.25kWp, 35 degrees pitch & azimuth at 0 degrees WoS
2024-02-15 19:36:44,002 - INFO - Simulating model for 6.25kWp, 35 degrees pitch & azimuth at -45 degrees WoS
2024-02-15 19:36:44,002 - INFO - Simulating model for 6.25kWp, 35 degrees pitch & azimuth at -45 degrees WoS
2024-02-15 19:36:44,032 - INFO - Simulating model for 6.25kWp, 35 degrees pitch & azimuth at -90 degrees WoS
2024-02-15 19:36:44,032 - INFO - Simulating model for 6.25kWp, 35 degrees pitch & azimuth at -90 degrees WoS
2024-02-15 19:36:44,061 - INFO - *******************
2024-02-15 19:36:44,061 - INFO - *******************
2024-02-15 19:36:44,063 - INFO - Model calculations completed.
2024-02-15 19:36:44,063 - INFO - Model calculations completed.
2024-02-15 19:36:44,091 - INFO - Model data aggregated.
2024-02-15 19:36:44,091 - INFO - Model data aggregated.
2024-02-15 19:36:44,099 - INFO - Model data summary complete.
2024-02-15 19:36:44,099 - INFO - Model data summary complete.
2024-02-15 19:36:44,100 - INFO - *******************
2024-02-15 19:36:44,100 - INFO - *******************
2024-02-15 19:36:44,102 - INFO - Model statistical analysis completed.
2024-02-15 19:36:44,102 - INFO - Model statistical analysis completed.
2024-02-15 19:36:44,117 - INFO - Model statistical grouping completed.
2024-02-15 19:36:44,117 - INFO - Model statistical grouping completed.
2024-02-15 19:36:44,118 - INFO - *******************
2024-02-15 19:36:44,118 - INFO - *******************
2024-02-15 19:36:44,119 - INFO - *******************
2024-02-15 19:36:44,119 - INFO - *******************
2024-02-15 19:36:44,120 - INFO - Starting model calculations for SolarPVModel.
2024-02-15 19:36:44,120 - INFO - Starting model calculations for SolarPVModel.
2024-02-15 19:36:44,121 - INFO - *******************
2024-02-15 19:36:44,121 - INFO - *******************
2024-02-15 19:36:44,122 - INFO - Simulating model for 6.5kWp, 35 degrees pitch & azimuth at 90 degrees WoS
2024-02-15 19:36:44,122 - INFO - Simulating model for 6.5kWp, 35 degrees pitch & azimuth at 90 degrees WoS
2024-02-15 19:36:44,152 - INFO - Simulating model for 6.5kWp, 35 degrees pitch & azimuth at 45 degrees WoS
2024-02-15 19:36:44,152 - INFO - Simulating model for 6.5kWp, 35 degrees pitch & azimuth at 45 degrees WoS
2024-02-15 19:36:44,182 - INFO - Simulating model for 6.5kWp, 35 degrees pitch & azimuth at 0 degrees WoS
2024-02-15 19:36:44,182 - INFO - Simulating model for 6.5kWp, 35 degrees pitch & azimuth at 0 degrees WoS
2024-02-15 19:36:44,213 - INFO - Simulating model for 6.5kWp, 35 degrees pitch & azimuth at -45 degrees WoS
2024-02-15 19:36:44,213 - INFO - Simulating model for 6.5kWp, 35 degrees pitch & azimuth at -45 degrees WoS
2024-02-15 19:36:44,244 - INFO - Simulating model for 6.5kWp, 35 degrees pitch & azimuth at -90 degrees WoS
2024-02-15 19:36:44,244 - INFO - Simulating model for 6.5kWp, 35 degrees pitch & azimuth at -90 degrees WoS
2024-02-15 19:36:44,273 - INFO - *******************
2024-02-15 19:36:44,273 - INFO - *******************
2024-02-15 19:36:44,275 - INFO - Model calculations completed.
2024-02-15 19:36:44,275 - INFO - Model calculations completed.
2024-02-15 19:36:44,300 - INFO - Model data aggregated.
2024-02-15 19:36:44,300 - INFO - Model data aggregated.
2024-02-15 19:36:44,307 - INFO - Model data summary complete.
2024-02-15 19:36:44,307 - INFO - Model data summary complete.
2024-02-15 19:36:44,308 - INFO - *******************
2024-02-15 19:36:44,308 - INFO - *******************
2024-02-15 19:36:44,310 - INFO - Model statistical analysis completed.
2024-02-15 19:36:44,310 - INFO - Model statistical analysis completed.
2024-02-15 19:36:44,324 - INFO - Model statistical grouping completed.
2024-02-15 19:36:44,324 - INFO - Model statistical grouping completed.
2024-02-15 19:36:44,325 - INFO - *******************
2024-02-15 19:36:44,325 - INFO - *******************
2024-02-15 19:36:44,325 - INFO - *******************
2024-02-15 19:36:44,325 - INFO - *******************
2024-02-15 19:36:44,327 - INFO - Starting model calculations for SolarPVModel.
2024-02-15 19:36:44,327 - INFO - Starting model calculations for SolarPVModel.
2024-02-15 19:36:44,328 - INFO - *******************
2024-02-15 19:36:44,328 - INFO - *******************
2024-02-15 19:36:44,329 - INFO - Simulating model for 6.75kWp, 35 degrees pitch & azimuth at 90 degrees WoS
2024-02-15 19:36:44,329 - INFO - Simulating model for 6.75kWp, 35 degrees pitch & azimuth at 90 degrees WoS
2024-02-15 19:36:44,359 - INFO - Simulating model for 6.75kWp, 35 degrees pitch & azimuth at 45 degrees WoS
2024-02-15 19:36:44,359 - INFO - Simulating model for 6.75kWp, 35 degrees pitch & azimuth at 45 degrees WoS
2024-02-15 19:36:44,388 - INFO - Simulating model for 6.75kWp, 35 degrees pitch & azimuth at 0 degrees WoS
2024-02-15 19:36:44,388 - INFO - Simulating model for 6.75kWp, 35 degrees pitch & azimuth at 0 degrees WoS
2024-02-15 19:36:44,417 - INFO - Simulating model for 6.75kWp, 35 degrees pitch & azimuth at -45 degrees WoS
2024-02-15 19:36:44,417 - INFO - Simulating model for 6.75kWp, 35 degrees pitch & azimuth at -45 degrees WoS
2024-02-15 19:36:44,447 - INFO - Simulating model for 6.75kWp, 35 degrees pitch & azimuth at -90 degrees WoS
2024-02-15 19:36:44,447 - INFO - Simulating model for 6.75kWp, 35 degrees pitch & azimuth at -90 degrees WoS
2024-02-15 19:36:44,476 - INFO - *******************
2024-02-15 19:36:44,476 - INFO - *******************
2024-02-15 19:36:44,477 - INFO - Model calculations completed.
2024-02-15 19:36:44,477 - INFO - Model calculations completed.
2024-02-15 19:36:44,503 - INFO - Model data aggregated.
2024-02-15 19:36:44,503 - INFO - Model data aggregated.
2024-02-15 19:36:44,510 - INFO - Model data summary complete.
2024-02-15 19:36:44,510 - INFO - Model data summary complete.
2024-02-15 19:36:44,511 - INFO - *******************
2024-02-15 19:36:44,511 - INFO - *******************
2024-02-15 19:36:44,514 - INFO - Model statistical analysis completed.
2024-02-15 19:36:44,514 - INFO - Model statistical analysis completed.
2024-02-15 19:36:44,533 - INFO - Model statistical grouping completed.
2024-02-15 19:36:44,533 - INFO - Model statistical grouping completed.
2024-02-15 19:36:44,536 - INFO - *******************
2024-02-15 19:36:44,536 - INFO - *******************
2024-02-15 19:36:44,536 - INFO - *******************
2024-02-15 19:36:44,536 - INFO - *******************
2024-02-15 19:36:44,537 - INFO - Starting model calculations for SolarPVModel.
2024-02-15 19:36:44,537 - INFO - Starting model calculations for SolarPVModel.
2024-02-15 19:36:44,538 - INFO - *******************
2024-02-15 19:36:44,538 - INFO - *******************
2024-02-15 19:36:44,540 - INFO - Simulating model for 7.0kWp, 35 degrees pitch & azimuth at 90 degrees WoS
2024-02-15 19:36:44,540 - INFO - Simulating model for 7.0kWp, 35 degrees pitch & azimuth at 90 degrees WoS
2024-02-15 19:36:44,572 - INFO - Simulating model for 7.0kWp, 35 degrees pitch & azimuth at 45 degrees WoS
2024-02-15 19:36:44,572 - INFO - Simulating model for 7.0kWp, 35 degrees pitch & azimuth at 45 degrees WoS
2024-02-15 19:36:44,606 - INFO - Simulating model for 7.0kWp, 35 degrees pitch & azimuth at 0 degrees WoS
2024-02-15 19:36:44,606 - INFO - Simulating model for 7.0kWp, 35 degrees pitch & azimuth at 0 degrees WoS
2024-02-15 19:36:44,636 - INFO - Simulating model for 7.0kWp, 35 degrees pitch & azimuth at -45 degrees WoS
2024-02-15 19:36:44,636 - INFO - Simulating model for 7.0kWp, 35 degrees pitch & azimuth at -45 degrees WoS
2024-02-15 19:36:44,666 - INFO - Simulating model for 7.0kWp, 35 degrees pitch & azimuth at -90 degrees WoS
2024-02-15 19:36:44,666 - INFO - Simulating model for 7.0kWp, 35 degrees pitch & azimuth at -90 degrees WoS
2024-02-15 19:36:44,696 - INFO - *******************
2024-02-15 19:36:44,696 - INFO - *******************
2024-02-15 19:36:44,697 - INFO - Model calculations completed.
2024-02-15 19:36:44,697 - INFO - Model calculations completed.
2024-02-15 19:36:44,724 - INFO - Model data aggregated.
2024-02-15 19:36:44,724 - INFO - Model data aggregated.
2024-02-15 19:36:44,731 - INFO - Model data summary complete.
2024-02-15 19:36:44,731 - INFO - Model data summary complete.
2024-02-15 19:36:44,732 - INFO - *******************
2024-02-15 19:36:44,732 - INFO - *******************
2024-02-15 19:36:44,735 - INFO - Model statistical analysis completed.
2024-02-15 19:36:44,735 - INFO - Model statistical analysis completed.
2024-02-15 19:36:44,749 - INFO - Model statistical grouping completed.
2024-02-15 19:36:44,749 - INFO - Model statistical grouping completed.
2024-02-15 19:36:44,750 - INFO - *******************
2024-02-15 19:36:44,750 - INFO - *******************
2024-02-15 19:36:44,751 - INFO - *******************
2024-02-15 19:36:44,751 - INFO - *******************
2024-02-15 19:36:44,752 - INFO - Starting model calculations for SolarPVModel.
2024-02-15 19:36:44,752 - INFO - Starting model calculations for SolarPVModel.
2024-02-15 19:36:44,753 - INFO - *******************
2024-02-15 19:36:44,753 - INFO - *******************
2024-02-15 19:36:44,754 - INFO - Simulating model for 7.25kWp, 35 degrees pitch & azimuth at 90 degrees WoS
2024-02-15 19:36:44,754 - INFO - Simulating model for 7.25kWp, 35 degrees pitch & azimuth at 90 degrees WoS
2024-02-15 19:36:44,785 - INFO - Simulating model for 7.25kWp, 35 degrees pitch & azimuth at 45 degrees WoS
2024-02-15 19:36:44,785 - INFO - Simulating model for 7.25kWp, 35 degrees pitch & azimuth at 45 degrees WoS
2024-02-15 19:36:44,815 - INFO - Simulating model for 7.25kWp, 35 degrees pitch & azimuth at 0 degrees WoS
2024-02-15 19:36:44,815 - INFO - Simulating model for 7.25kWp, 35 degrees pitch & azimuth at 0 degrees WoS
2024-02-15 19:36:44,845 - INFO - Simulating model for 7.25kWp, 35 degrees pitch & azimuth at -45 degrees WoS
2024-02-15 19:36:44,845 - INFO - Simulating model for 7.25kWp, 35 degrees pitch & azimuth at -45 degrees WoS
2024-02-15 19:36:44,874 - INFO - Simulating model for 7.25kWp, 35 degrees pitch & azimuth at -90 degrees WoS
2024-02-15 19:36:44,874 - INFO - Simulating model for 7.25kWp, 35 degrees pitch & azimuth at -90 degrees WoS
2024-02-15 19:36:44,903 - INFO - *******************
2024-02-15 19:36:44,903 - INFO - *******************
2024-02-15 19:36:44,905 - INFO - Model calculations completed.
2024-02-15 19:36:44,905 - INFO - Model calculations completed.
2024-02-15 19:36:44,932 - INFO - Model data aggregated.
2024-02-15 19:36:44,932 - INFO - Model data aggregated.
2024-02-15 19:36:44,940 - INFO - Model data summary complete.
2024-02-15 19:36:44,940 - INFO - Model data summary complete.
2024-02-15 19:36:44,941 - INFO - *******************
2024-02-15 19:36:44,941 - INFO - *******************
2024-02-15 19:36:44,944 - INFO - Model statistical analysis completed.
2024-02-15 19:36:44,944 - INFO - Model statistical analysis completed.
2024-02-15 19:36:45,142 - INFO - Model statistical grouping completed.
2024-02-15 19:36:45,142 - INFO - Model statistical grouping completed.
2024-02-15 19:36:45,143 - INFO - *******************
2024-02-15 19:36:45,143 - INFO - *******************
2024-02-15 19:36:45,199 - INFO - Using categorical units to plot a list of strings that are all parsable as floats or dates. If these strings should be plotted as numbers, cast to the appropriate data type before plotting.
2024-02-15 19:36:45,199 - INFO - Using categorical units to plot a list of strings that are all parsable as floats or dates. If these strings should be plotted as numbers, cast to the appropriate data type before plotting.
2024-02-15 19:36:45,203 - INFO - Using categorical units to plot a list of strings that are all parsable as floats or dates. If these strings should be plotted as numbers, cast to the appropriate data type before plotting.
2024-02-15 19:36:45,203 - INFO - Using categorical units to plot a list of strings that are all parsable as floats or dates. If these strings should be plotted as numbers, cast to the appropriate data type before plotting.
2024-02-15 19:36:45,334 - INFO - Using categorical units to plot a list of strings that are all parsable as floats or dates. If these strings should be plotted as numbers, cast to the appropriate data type before plotting.
2024-02-15 19:36:45,334 - INFO - Using categorical units to plot a list of strings that are all parsable as floats or dates. If these strings should be plotted as numbers, cast to the appropriate data type before plotting.
2024-02-15 19:36:45,339 - INFO - Using categorical units to plot a list of strings that are all parsable as floats or dates. If these strings should be plotted as numbers, cast to the appropriate data type before plotting.
2024-02-15 19:36:45,339 - INFO - Using categorical units to plot a list of strings that are all parsable as floats or dates. If these strings should be plotted as numbers, cast to the appropriate data type before plotting.
2024-02-15 19:36:45,661 - INFO - Using categorical units to plot a list of strings that are all parsable as floats or dates. If these strings should be plotted as numbers, cast to the appropriate data type before plotting.
2024-02-15 19:36:45,661 - INFO - Using categorical units to plot a list of strings that are all parsable as floats or dates. If these strings should be plotted as numbers, cast to the appropriate data type before plotting.
2024-02-15 19:36:45,667 - INFO - Using categorical units to plot a list of strings that are all parsable as floats or dates. If these strings should be plotted as numbers, cast to the appropriate data type before plotting.
2024-02-15 19:36:45,667 - INFO - Using categorical units to plot a list of strings that are all parsable as floats or dates. If these strings should be plotted as numbers, cast to the appropriate data type before plotting.
2024-02-15 19:36:48,843 - INFO - Using categorical units to plot a list of strings that are all parsable as floats or dates. If these strings should be plotted as numbers, cast to the appropriate data type before plotting.
2024-02-15 19:36:48,843 - INFO - Using categorical units to plot a list of strings that are all parsable as floats or dates. If these strings should be plotted as numbers, cast to the appropriate data type before plotting.
2024-02-15 19:36:48,848 - INFO - Using categorical units to plot a list of strings that are all parsable as floats or dates. If these strings should be plotted as numbers, cast to the appropriate data type before plotting.
2024-02-15 19:36:48,848 - INFO - Using categorical units to plot a list of strings that are all parsable as floats or dates. If these strings should be plotted as numbers, cast to the appropriate data type before plotting.
