2024-02-16 01:33:01,379 - INFO - Fetching TMY data for latitude: 54.60452, longitude: -5.9286
2024-02-16 01:33:02,340 - INFO - HTTP Request: GET https://re.jrc.ec.europa.eu/api/tmy?lat=54.60452&lon=-5.9286&startyear=2005&endyear=2015&outputformat=json "HTTP/1.1 200 OK"
2024-02-16 01:33:03,049 - INFO - TMY data obtained for: 54.60452, longitude: -5.9286
2024-02-16 01:33:03,050 - INFO - *******************
2024-02-16 01:33:03,050 - INFO - Solar PV array created: Size: 1kW, Pitch: 35deg, Azimuth: -90deg, Lifespan: 25yrs
2024-02-16 01:33:03,051 - INFO - *******************
2024-02-16 01:33:03,052 - INFO - Solar PV array created: Size: 1kW, Pitch: 35deg, Azimuth: -45deg, Lifespan: 25yrs
2024-02-16 01:33:03,052 - INFO - *******************
2024-02-16 01:33:03,053 - INFO - Solar PV array created: Size: 1kW, Pitch: 35deg, Azimuth: 0deg, Lifespan: 25yrs
2024-02-16 01:33:03,054 - INFO - *******************
2024-02-16 01:33:03,054 - INFO - Solar PV array created: Size: 1kW, Pitch: 35deg, Azimuth: 45deg, Lifespan: 25yrs
2024-02-16 01:33:03,054 - INFO - *******************
2024-02-16 01:33:03,055 - INFO - Solar PV array created: Size: 1kW, Pitch: 35deg, Azimuth: 90deg, Lifespan: 25yrs
2024-02-16 01:33:03,055 - INFO - *******************
2024-02-16 01:33:03,056 - INFO - *******************
2024-02-16 01:33:03,056 - INFO - Starting Solar PV model simulations.
2024-02-16 01:33:03,057 - INFO - *******************
2024-02-16 01:33:03,058 - INFO - Simulating model - PV Size: 1kWp, Pitch: 35 degrees, Azimuth -90 degrees WoS
2024-02-16 01:33:03,087 - INFO - *******************
2024-02-16 01:33:03,087 - INFO - Solar PV model simulations completed.
2024-02-16 01:33:03,105 - INFO - Solar PV model data aggregated.
2024-02-16 01:33:03,109 - INFO - Solar PV model data summary complete.
2024-02-16 01:33:03,110 - INFO - *******************
2024-02-16 01:33:03,111 - INFO - Solar PV model statistical analysis completed.
2024-02-16 01:33:03,125 - INFO - Solar PV model statistical grouping completed.
2024-02-16 01:33:03,125 - INFO - *******************
2024-02-16 01:33:03,134 - INFO - Model for  saved successfully to 'c:\Users\djp12\Documents\Coding\Github_Repos\WiseWattage\WiseWattage\saved_models\Solar_Model_Results.wwm'
2024-02-16 01:33:03,135 - INFO - *******************
2024-02-16 01:33:03,147 - INFO - Model successfully loaded: saved_models/Solar_Model_Results.wwm
2024-02-16 01:33:03,148 - INFO - *******************
2024-02-16 01:33:03,560 - INFO - TMY data obtained for: 54.60452, longitude: -5.9286
2024-02-16 01:33:03,561 - INFO - *******************
2024-02-16 01:33:03,572 - INFO - Solar PV array created: Size: 1kW, Pitch: 35deg, Azimuth: -90deg, Lifespan: 25yrs
2024-02-16 01:33:03,573 - INFO - *******************
2024-02-16 01:33:03,573 - INFO - Solar PV array created: Size: 1kW, Pitch: 35deg, Azimuth: -45deg, Lifespan: 25yrs
2024-02-16 01:33:03,574 - INFO - *******************
2024-02-16 01:33:03,575 - INFO - Solar PV array created: Size: 1kW, Pitch: 35deg, Azimuth: 0deg, Lifespan: 25yrs
2024-02-16 01:33:03,575 - INFO - *******************
2024-02-16 01:33:03,576 - INFO - Solar PV array created: Size: 1kW, Pitch: 35deg, Azimuth: 45deg, Lifespan: 25yrs
2024-02-16 01:33:03,576 - INFO - *******************
2024-02-16 01:33:03,577 - INFO - Solar PV array created: Size: 1kW, Pitch: 35deg, Azimuth: 90deg, Lifespan: 25yrs
2024-02-16 01:33:03,577 - INFO - *******************
2024-02-16 01:33:03,578 - INFO - *******************
2024-02-16 01:33:03,578 - INFO - Starting Solar PV model simulations.
2024-02-16 01:33:03,579 - INFO - *******************
2024-02-16 01:33:03,579 - INFO - Simulating model - PV Size: 1kWp, Pitch: 35 degrees, Azimuth -90 degrees WoS
2024-02-16 01:33:03,609 - INFO - Simulating model - PV Size: 1kWp, Pitch: 35 degrees, Azimuth -45 degrees WoS
2024-02-16 01:33:03,640 - INFO - Simulating model - PV Size: 1kWp, Pitch: 35 degrees, Azimuth 0 degrees WoS
2024-02-16 01:33:03,672 - INFO - Simulating model - PV Size: 1kWp, Pitch: 35 degrees, Azimuth 45 degrees WoS
2024-02-16 01:33:03,775 - INFO - Simulating model - PV Size: 1kWp, Pitch: 35 degrees, Azimuth 90 degrees WoS
2024-02-16 01:33:03,804 - INFO - *******************
2024-02-16 01:33:03,805 - INFO - Solar PV model simulations completed.
2024-02-16 01:33:03,833 - INFO - Solar PV model data aggregated.
2024-02-16 01:33:03,840 - INFO - Solar PV model data summary complete.
2024-02-16 01:33:03,841 - INFO - *******************
2024-02-16 01:33:03,842 - INFO - Solar PV model statistical analysis completed.
2024-02-16 01:33:03,857 - INFO - Solar PV model statistical grouping completed.
2024-02-16 01:33:03,858 - INFO - *******************
2024-02-16 01:33:04,331 - INFO - TMY data obtained for: 54.60452, longitude: -5.9286
2024-02-16 01:33:04,332 - INFO - *******************
2024-02-16 01:33:04,333 - INFO - Solar PV array created: Size: 2.5kW, Pitch: 35deg, Azimuth: 90deg, Lifespan: 25yrs
2024-02-16 01:33:04,334 - INFO - *******************
2024-02-16 01:33:04,334 - INFO - Solar PV array created: Size: 2.5kW, Pitch: 35deg, Azimuth: 45deg, Lifespan: 25yrs
2024-02-16 01:33:04,335 - INFO - *******************
2024-02-16 01:33:04,335 - INFO - Solar PV array created: Size: 2.5kW, Pitch: 35deg, Azimuth: 0deg, Lifespan: 25yrs
2024-02-16 01:33:04,335 - INFO - *******************
2024-02-16 01:33:04,336 - INFO - Solar PV array created: Size: 2.5kW, Pitch: 35deg, Azimuth: -45deg, Lifespan: 25yrs
2024-02-16 01:33:04,336 - INFO - *******************
2024-02-16 01:33:04,336 - INFO - Solar PV array created: Size: 2.5kW, Pitch: 35deg, Azimuth: -90deg, Lifespan: 25yrs
2024-02-16 01:33:04,337 - INFO - *******************
2024-02-16 01:33:04,337 - INFO - *******************
2024-02-16 01:33:04,338 - INFO - Starting Solar PV model simulations.
2024-02-16 01:33:04,338 - INFO - *******************
2024-02-16 01:33:04,338 - INFO - Simulating model - PV Size: 2.5kWp, Pitch: 35 degrees, Azimuth 90 degrees WoS
2024-02-16 01:33:04,369 - INFO - Simulating model - PV Size: 2.5kWp, Pitch: 35 degrees, Azimuth 45 degrees WoS
2024-02-16 01:33:04,398 - INFO - Simulating model - PV Size: 2.5kWp, Pitch: 35 degrees, Azimuth 0 degrees WoS
2024-02-16 01:33:04,428 - INFO - Simulating model - PV Size: 2.5kWp, Pitch: 35 degrees, Azimuth -45 degrees WoS
2024-02-16 01:33:04,457 - INFO - Simulating model - PV Size: 2.5kWp, Pitch: 35 degrees, Azimuth -90 degrees WoS
2024-02-16 01:33:04,486 - INFO - *******************
2024-02-16 01:33:04,487 - INFO - Solar PV model simulations completed.
2024-02-16 01:33:04,516 - INFO - Solar PV model data aggregated.
2024-02-16 01:33:04,523 - INFO - Solar PV model data summary complete.
2024-02-16 01:33:04,524 - INFO - *******************
2024-02-16 01:33:04,525 - INFO - Solar PV model statistical analysis completed.
2024-02-16 01:33:04,539 - INFO - Solar PV model statistical grouping completed.
2024-02-16 01:33:04,539 - INFO - *******************
2024-02-16 01:33:04,541 - INFO - Solar PV array created: Size: 2.75kW, Pitch: 35deg, Azimuth: 90deg, Lifespan: 25yrs
2024-02-16 01:33:04,541 - INFO - *******************
2024-02-16 01:33:04,542 - INFO - Solar PV array created: Size: 2.75kW, Pitch: 35deg, Azimuth: 45deg, Lifespan: 25yrs
2024-02-16 01:33:04,542 - INFO - *******************
2024-02-16 01:33:04,543 - INFO - Solar PV array created: Size: 2.75kW, Pitch: 35deg, Azimuth: 0deg, Lifespan: 25yrs
2024-02-16 01:33:04,543 - INFO - *******************
2024-02-16 01:33:04,543 - INFO - Solar PV array created: Size: 2.75kW, Pitch: 35deg, Azimuth: -45deg, Lifespan: 25yrs
2024-02-16 01:33:04,544 - INFO - *******************
2024-02-16 01:33:04,544 - INFO - Solar PV array created: Size: 2.75kW, Pitch: 35deg, Azimuth: -90deg, Lifespan: 25yrs
2024-02-16 01:33:04,545 - INFO - *******************
2024-02-16 01:33:04,545 - INFO - *******************
2024-02-16 01:33:04,546 - INFO - Starting Solar PV model simulations.
2024-02-16 01:33:04,546 - INFO - *******************
2024-02-16 01:33:04,547 - INFO - Simulating model - PV Size: 2.75kWp, Pitch: 35 degrees, Azimuth 90 degrees WoS
2024-02-16 01:33:04,576 - INFO - Simulating model - PV Size: 2.75kWp, Pitch: 35 degrees, Azimuth 45 degrees WoS
2024-02-16 01:33:04,605 - INFO - Simulating model - PV Size: 2.75kWp, Pitch: 35 degrees, Azimuth 0 degrees WoS
2024-02-16 01:33:04,633 - INFO - Simulating model - PV Size: 2.75kWp, Pitch: 35 degrees, Azimuth -45 degrees WoS
2024-02-16 01:33:04,662 - INFO - Simulating model - PV Size: 2.75kWp, Pitch: 35 degrees, Azimuth -90 degrees WoS
2024-02-16 01:33:04,690 - INFO - *******************
2024-02-16 01:33:04,690 - INFO - Solar PV model simulations completed.
2024-02-16 01:33:04,716 - INFO - Solar PV model data aggregated.
2024-02-16 01:33:04,723 - INFO - Solar PV model data summary complete.
2024-02-16 01:33:04,723 - INFO - *******************
2024-02-16 01:33:04,725 - INFO - Solar PV model statistical analysis completed.
2024-02-16 01:33:04,739 - INFO - Solar PV model statistical grouping completed.
2024-02-16 01:33:04,739 - INFO - *******************
2024-02-16 01:33:04,739 - INFO - Solar PV array created: Size: 3.0kW, Pitch: 35deg, Azimuth: 90deg, Lifespan: 25yrs
2024-02-16 01:33:04,740 - INFO - *******************
2024-02-16 01:33:04,740 - INFO - Solar PV array created: Size: 3.0kW, Pitch: 35deg, Azimuth: 45deg, Lifespan: 25yrs
2024-02-16 01:33:04,741 - INFO - *******************
2024-02-16 01:33:04,742 - INFO - Solar PV array created: Size: 3.0kW, Pitch: 35deg, Azimuth: 0deg, Lifespan: 25yrs
2024-02-16 01:33:04,742 - INFO - *******************
2024-02-16 01:33:04,742 - INFO - Solar PV array created: Size: 3.0kW, Pitch: 35deg, Azimuth: -45deg, Lifespan: 25yrs
2024-02-16 01:33:04,743 - INFO - *******************
2024-02-16 01:33:04,744 - INFO - Solar PV array created: Size: 3.0kW, Pitch: 35deg, Azimuth: -90deg, Lifespan: 25yrs
2024-02-16 01:33:04,744 - INFO - *******************
2024-02-16 01:33:04,744 - INFO - *******************
2024-02-16 01:33:04,745 - INFO - Starting Solar PV model simulations.
2024-02-16 01:33:04,746 - INFO - *******************
2024-02-16 01:33:04,746 - INFO - Simulating model - PV Size: 3.0kWp, Pitch: 35 degrees, Azimuth 90 degrees WoS
2024-02-16 01:33:04,774 - INFO - Simulating model - PV Size: 3.0kWp, Pitch: 35 degrees, Azimuth 45 degrees WoS
2024-02-16 01:33:04,805 - INFO - Simulating model - PV Size: 3.0kWp, Pitch: 35 degrees, Azimuth 0 degrees WoS
2024-02-16 01:33:04,833 - INFO - Simulating model - PV Size: 3.0kWp, Pitch: 35 degrees, Azimuth -45 degrees WoS
2024-02-16 01:33:04,863 - INFO - Simulating model - PV Size: 3.0kWp, Pitch: 35 degrees, Azimuth -90 degrees WoS
2024-02-16 01:33:04,892 - INFO - *******************
2024-02-16 01:33:04,892 - INFO - Solar PV model simulations completed.
2024-02-16 01:33:04,917 - INFO - Solar PV model data aggregated.
2024-02-16 01:33:04,924 - INFO - Solar PV model data summary complete.
2024-02-16 01:33:04,925 - INFO - *******************
2024-02-16 01:33:04,926 - INFO - Solar PV model statistical analysis completed.
2024-02-16 01:33:04,940 - INFO - Solar PV model statistical grouping completed.
2024-02-16 01:33:04,940 - INFO - *******************
2024-02-16 01:33:04,941 - INFO - Solar PV array created: Size: 3.25kW, Pitch: 35deg, Azimuth: 90deg, Lifespan: 25yrs
2024-02-16 01:33:04,941 - INFO - *******************
2024-02-16 01:33:04,941 - INFO - Solar PV array created: Size: 3.25kW, Pitch: 35deg, Azimuth: 45deg, Lifespan: 25yrs
2024-02-16 01:33:04,942 - INFO - *******************
2024-02-16 01:33:04,942 - INFO - Solar PV array created: Size: 3.25kW, Pitch: 35deg, Azimuth: 0deg, Lifespan: 25yrs
2024-02-16 01:33:04,943 - INFO - *******************
2024-02-16 01:33:04,943 - INFO - Solar PV array created: Size: 3.25kW, Pitch: 35deg, Azimuth: -45deg, Lifespan: 25yrs
2024-02-16 01:33:04,944 - INFO - *******************
2024-02-16 01:33:04,944 - INFO - Solar PV array created: Size: 3.25kW, Pitch: 35deg, Azimuth: -90deg, Lifespan: 25yrs
2024-02-16 01:33:04,945 - INFO - *******************
2024-02-16 01:33:04,945 - INFO - *******************
2024-02-16 01:33:04,946 - INFO - Starting Solar PV model simulations.
2024-02-16 01:33:04,946 - INFO - *******************
2024-02-16 01:33:04,946 - INFO - Simulating model - PV Size: 3.25kWp, Pitch: 35 degrees, Azimuth 90 degrees WoS
2024-02-16 01:33:04,975 - INFO - Simulating model - PV Size: 3.25kWp, Pitch: 35 degrees, Azimuth 45 degrees WoS
2024-02-16 01:33:05,004 - INFO - Simulating model - PV Size: 3.25kWp, Pitch: 35 degrees, Azimuth 0 degrees WoS
2024-02-16 01:33:05,033 - INFO - Simulating model - PV Size: 3.25kWp, Pitch: 35 degrees, Azimuth -45 degrees WoS
2024-02-16 01:33:05,062 - INFO - Simulating model - PV Size: 3.25kWp, Pitch: 35 degrees, Azimuth -90 degrees WoS
2024-02-16 01:33:05,090 - INFO - *******************
2024-02-16 01:33:05,091 - INFO - Solar PV model simulations completed.
2024-02-16 01:33:05,116 - INFO - Solar PV model data aggregated.
2024-02-16 01:33:05,122 - INFO - Solar PV model data summary complete.
2024-02-16 01:33:05,123 - INFO - *******************
2024-02-16 01:33:05,124 - INFO - Solar PV model statistical analysis completed.
2024-02-16 01:33:05,138 - INFO - Solar PV model statistical grouping completed.
2024-02-16 01:33:05,138 - INFO - *******************
2024-02-16 01:33:05,138 - INFO - Solar PV array created: Size: 3.5kW, Pitch: 35deg, Azimuth: 90deg, Lifespan: 25yrs
2024-02-16 01:33:05,139 - INFO - *******************
2024-02-16 01:33:05,139 - INFO - Solar PV array created: Size: 3.5kW, Pitch: 35deg, Azimuth: 45deg, Lifespan: 25yrs
2024-02-16 01:33:05,140 - INFO - *******************
2024-02-16 01:33:05,140 - INFO - Solar PV array created: Size: 3.5kW, Pitch: 35deg, Azimuth: 0deg, Lifespan: 25yrs
2024-02-16 01:33:05,141 - INFO - *******************
2024-02-16 01:33:05,141 - INFO - Solar PV array created: Size: 3.5kW, Pitch: 35deg, Azimuth: -45deg, Lifespan: 25yrs
2024-02-16 01:33:05,142 - INFO - *******************
2024-02-16 01:33:05,142 - INFO - Solar PV array created: Size: 3.5kW, Pitch: 35deg, Azimuth: -90deg, Lifespan: 25yrs
2024-02-16 01:33:05,143 - INFO - *******************
2024-02-16 01:33:05,143 - INFO - *******************
2024-02-16 01:33:05,144 - INFO - Starting Solar PV model simulations.
2024-02-16 01:33:05,144 - INFO - *******************
2024-02-16 01:33:05,145 - INFO - Simulating model - PV Size: 3.5kWp, Pitch: 35 degrees, Azimuth 90 degrees WoS
2024-02-16 01:33:05,184 - INFO - Simulating model - PV Size: 3.5kWp, Pitch: 35 degrees, Azimuth 45 degrees WoS
2024-02-16 01:33:05,218 - INFO - Simulating model - PV Size: 3.5kWp, Pitch: 35 degrees, Azimuth 0 degrees WoS
2024-02-16 01:33:05,248 - INFO - Simulating model - PV Size: 3.5kWp, Pitch: 35 degrees, Azimuth -45 degrees WoS
2024-02-16 01:33:05,277 - INFO - Simulating model - PV Size: 3.5kWp, Pitch: 35 degrees, Azimuth -90 degrees WoS
2024-02-16 01:33:05,305 - INFO - *******************
2024-02-16 01:33:05,306 - INFO - Solar PV model simulations completed.
2024-02-16 01:33:05,331 - INFO - Solar PV model data aggregated.
2024-02-16 01:33:05,338 - INFO - Solar PV model data summary complete.
2024-02-16 01:33:05,338 - INFO - *******************
2024-02-16 01:33:05,340 - INFO - Solar PV model statistical analysis completed.
2024-02-16 01:33:05,353 - INFO - Solar PV model statistical grouping completed.
2024-02-16 01:33:05,353 - INFO - *******************
2024-02-16 01:33:05,354 - INFO - Solar PV array created: Size: 3.75kW, Pitch: 35deg, Azimuth: 90deg, Lifespan: 25yrs
2024-02-16 01:33:05,354 - INFO - *******************
2024-02-16 01:33:05,355 - INFO - Solar PV array created: Size: 3.75kW, Pitch: 35deg, Azimuth: 45deg, Lifespan: 25yrs
2024-02-16 01:33:05,355 - INFO - *******************
2024-02-16 01:33:05,355 - INFO - Solar PV array created: Size: 3.75kW, Pitch: 35deg, Azimuth: 0deg, Lifespan: 25yrs
2024-02-16 01:33:05,356 - INFO - *******************
2024-02-16 01:33:05,356 - INFO - Solar PV array created: Size: 3.75kW, Pitch: 35deg, Azimuth: -45deg, Lifespan: 25yrs
2024-02-16 01:33:05,357 - INFO - *******************
2024-02-16 01:33:05,358 - INFO - Solar PV array created: Size: 3.75kW, Pitch: 35deg, Azimuth: -90deg, Lifespan: 25yrs
2024-02-16 01:33:05,358 - INFO - *******************
2024-02-16 01:33:05,359 - INFO - *******************
2024-02-16 01:33:05,359 - INFO - Starting Solar PV model simulations.
2024-02-16 01:33:05,360 - INFO - *******************
2024-02-16 01:33:05,360 - INFO - Simulating model - PV Size: 3.75kWp, Pitch: 35 degrees, Azimuth 90 degrees WoS
2024-02-16 01:33:05,390 - INFO - Simulating model - PV Size: 3.75kWp, Pitch: 35 degrees, Azimuth 45 degrees WoS
2024-02-16 01:33:05,419 - INFO - Simulating model - PV Size: 3.75kWp, Pitch: 35 degrees, Azimuth 0 degrees WoS
2024-02-16 01:33:05,448 - INFO - Simulating model - PV Size: 3.75kWp, Pitch: 35 degrees, Azimuth -45 degrees WoS
2024-02-16 01:33:05,476 - INFO - Simulating model - PV Size: 3.75kWp, Pitch: 35 degrees, Azimuth -90 degrees WoS
2024-02-16 01:33:05,505 - INFO - *******************
2024-02-16 01:33:05,506 - INFO - Solar PV model simulations completed.
2024-02-16 01:33:05,531 - INFO - Solar PV model data aggregated.
2024-02-16 01:33:05,537 - INFO - Solar PV model data summary complete.
2024-02-16 01:33:05,538 - INFO - *******************
2024-02-16 01:33:05,539 - INFO - Solar PV model statistical analysis completed.
2024-02-16 01:33:05,553 - INFO - Solar PV model statistical grouping completed.
2024-02-16 01:33:05,553 - INFO - *******************
2024-02-16 01:33:05,554 - INFO - Solar PV array created: Size: 4.0kW, Pitch: 35deg, Azimuth: 90deg, Lifespan: 25yrs
2024-02-16 01:33:05,554 - INFO - *******************
2024-02-16 01:33:05,555 - INFO - Solar PV array created: Size: 4.0kW, Pitch: 35deg, Azimuth: 45deg, Lifespan: 25yrs
2024-02-16 01:33:05,555 - INFO - *******************
2024-02-16 01:33:05,556 - INFO - Solar PV array created: Size: 4.0kW, Pitch: 35deg, Azimuth: 0deg, Lifespan: 25yrs
2024-02-16 01:33:05,556 - INFO - *******************
2024-02-16 01:33:05,557 - INFO - Solar PV array created: Size: 4.0kW, Pitch: 35deg, Azimuth: -45deg, Lifespan: 25yrs
2024-02-16 01:33:05,557 - INFO - *******************
2024-02-16 01:33:05,558 - INFO - Solar PV array created: Size: 4.0kW, Pitch: 35deg, Azimuth: -90deg, Lifespan: 25yrs
2024-02-16 01:33:05,558 - INFO - *******************
2024-02-16 01:33:05,559 - INFO - *******************
2024-02-16 01:33:05,559 - INFO - Starting Solar PV model simulations.
2024-02-16 01:33:05,559 - INFO - *******************
2024-02-16 01:33:05,560 - INFO - Simulating model - PV Size: 4.0kWp, Pitch: 35 degrees, Azimuth 90 degrees WoS
2024-02-16 01:33:05,588 - INFO - Simulating model - PV Size: 4.0kWp, Pitch: 35 degrees, Azimuth 45 degrees WoS
2024-02-16 01:33:05,617 - INFO - Simulating model - PV Size: 4.0kWp, Pitch: 35 degrees, Azimuth 0 degrees WoS
2024-02-16 01:33:05,646 - INFO - Simulating model - PV Size: 4.0kWp, Pitch: 35 degrees, Azimuth -45 degrees WoS
2024-02-16 01:33:05,675 - INFO - Simulating model - PV Size: 4.0kWp, Pitch: 35 degrees, Azimuth -90 degrees WoS
2024-02-16 01:33:05,704 - INFO - *******************
2024-02-16 01:33:05,705 - INFO - Solar PV model simulations completed.
2024-02-16 01:33:05,730 - INFO - Solar PV model data aggregated.
2024-02-16 01:33:05,737 - INFO - Solar PV model data summary complete.
2024-02-16 01:33:05,737 - INFO - *******************
2024-02-16 01:33:05,739 - INFO - Solar PV model statistical analysis completed.
2024-02-16 01:33:05,752 - INFO - Solar PV model statistical grouping completed.
2024-02-16 01:33:05,753 - INFO - *******************
2024-02-16 01:33:05,754 - INFO - Solar PV array created: Size: 4.25kW, Pitch: 35deg, Azimuth: 90deg, Lifespan: 25yrs
2024-02-16 01:33:05,754 - INFO - *******************
2024-02-16 01:33:05,755 - INFO - Solar PV array created: Size: 4.25kW, Pitch: 35deg, Azimuth: 45deg, Lifespan: 25yrs
2024-02-16 01:33:05,755 - INFO - *******************
2024-02-16 01:33:05,755 - INFO - Solar PV array created: Size: 4.25kW, Pitch: 35deg, Azimuth: 0deg, Lifespan: 25yrs
2024-02-16 01:33:05,756 - INFO - *******************
2024-02-16 01:33:05,756 - INFO - Solar PV array created: Size: 4.25kW, Pitch: 35deg, Azimuth: -45deg, Lifespan: 25yrs
2024-02-16 01:33:05,757 - INFO - *******************
2024-02-16 01:33:05,757 - INFO - Solar PV array created: Size: 4.25kW, Pitch: 35deg, Azimuth: -90deg, Lifespan: 25yrs
2024-02-16 01:33:05,758 - INFO - *******************
2024-02-16 01:33:05,759 - INFO - *******************
2024-02-16 01:33:05,759 - INFO - Starting Solar PV model simulations.
2024-02-16 01:33:05,759 - INFO - *******************
2024-02-16 01:33:05,760 - INFO - Simulating model - PV Size: 4.25kWp, Pitch: 35 degrees, Azimuth 90 degrees WoS
2024-02-16 01:33:05,789 - INFO - Simulating model - PV Size: 4.25kWp, Pitch: 35 degrees, Azimuth 45 degrees WoS
2024-02-16 01:33:05,817 - INFO - Simulating model - PV Size: 4.25kWp, Pitch: 35 degrees, Azimuth 0 degrees WoS
2024-02-16 01:33:05,845 - INFO - Simulating model - PV Size: 4.25kWp, Pitch: 35 degrees, Azimuth -45 degrees WoS
2024-02-16 01:33:05,874 - INFO - Simulating model - PV Size: 4.25kWp, Pitch: 35 degrees, Azimuth -90 degrees WoS
2024-02-16 01:33:05,903 - INFO - *******************
2024-02-16 01:33:05,904 - INFO - Solar PV model simulations completed.
2024-02-16 01:33:05,930 - INFO - Solar PV model data aggregated.
2024-02-16 01:33:05,937 - INFO - Solar PV model data summary complete.
2024-02-16 01:33:05,937 - INFO - *******************
2024-02-16 01:33:05,938 - INFO - Solar PV model statistical analysis completed.
2024-02-16 01:33:05,952 - INFO - Solar PV model statistical grouping completed.
2024-02-16 01:33:05,953 - INFO - *******************
2024-02-16 01:33:05,953 - INFO - Solar PV array created: Size: 4.5kW, Pitch: 35deg, Azimuth: 90deg, Lifespan: 25yrs
2024-02-16 01:33:05,953 - INFO - *******************
2024-02-16 01:33:05,954 - INFO - Solar PV array created: Size: 4.5kW, Pitch: 35deg, Azimuth: 45deg, Lifespan: 25yrs
2024-02-16 01:33:05,954 - INFO - *******************
2024-02-16 01:33:05,955 - INFO - Solar PV array created: Size: 4.5kW, Pitch: 35deg, Azimuth: 0deg, Lifespan: 25yrs
2024-02-16 01:33:05,955 - INFO - *******************
2024-02-16 01:33:05,956 - INFO - Solar PV array created: Size: 4.5kW, Pitch: 35deg, Azimuth: -45deg, Lifespan: 25yrs
2024-02-16 01:33:05,956 - INFO - *******************
2024-02-16 01:33:05,957 - INFO - Solar PV array created: Size: 4.5kW, Pitch: 35deg, Azimuth: -90deg, Lifespan: 25yrs
2024-02-16 01:33:05,957 - INFO - *******************
2024-02-16 01:33:05,958 - INFO - *******************
2024-02-16 01:33:05,958 - INFO - Starting Solar PV model simulations.
2024-02-16 01:33:05,959 - INFO - *******************
2024-02-16 01:33:05,959 - INFO - Simulating model - PV Size: 4.5kWp, Pitch: 35 degrees, Azimuth 90 degrees WoS
2024-02-16 01:33:05,988 - INFO - Simulating model - PV Size: 4.5kWp, Pitch: 35 degrees, Azimuth 45 degrees WoS
2024-02-16 01:33:06,016 - INFO - Simulating model - PV Size: 4.5kWp, Pitch: 35 degrees, Azimuth 0 degrees WoS
2024-02-16 01:33:06,044 - INFO - Simulating model - PV Size: 4.5kWp, Pitch: 35 degrees, Azimuth -45 degrees WoS
2024-02-16 01:33:06,073 - INFO - Simulating model - PV Size: 4.5kWp, Pitch: 35 degrees, Azimuth -90 degrees WoS
2024-02-16 01:33:06,102 - INFO - *******************
2024-02-16 01:33:06,103 - INFO - Solar PV model simulations completed.
2024-02-16 01:33:06,127 - INFO - Solar PV model data aggregated.
2024-02-16 01:33:06,133 - INFO - Solar PV model data summary complete.
2024-02-16 01:33:06,134 - INFO - *******************
2024-02-16 01:33:06,135 - INFO - Solar PV model statistical analysis completed.
2024-02-16 01:33:06,149 - INFO - Solar PV model statistical grouping completed.
2024-02-16 01:33:06,149 - INFO - *******************
2024-02-16 01:33:06,149 - INFO - Solar PV array created: Size: 4.75kW, Pitch: 35deg, Azimuth: 90deg, Lifespan: 25yrs
2024-02-16 01:33:06,150 - INFO - *******************
2024-02-16 01:33:06,151 - INFO - Solar PV array created: Size: 4.75kW, Pitch: 35deg, Azimuth: 45deg, Lifespan: 25yrs
2024-02-16 01:33:06,151 - INFO - *******************
2024-02-16 01:33:06,151 - INFO - Solar PV array created: Size: 4.75kW, Pitch: 35deg, Azimuth: 0deg, Lifespan: 25yrs
2024-02-16 01:33:06,152 - INFO - *******************
2024-02-16 01:33:06,152 - INFO - Solar PV array created: Size: 4.75kW, Pitch: 35deg, Azimuth: -45deg, Lifespan: 25yrs
2024-02-16 01:33:06,153 - INFO - *******************
2024-02-16 01:33:06,153 - INFO - Solar PV array created: Size: 4.75kW, Pitch: 35deg, Azimuth: -90deg, Lifespan: 25yrs
2024-02-16 01:33:06,154 - INFO - *******************
2024-02-16 01:33:06,154 - INFO - *******************
2024-02-16 01:33:06,154 - INFO - Starting Solar PV model simulations.
2024-02-16 01:33:06,155 - INFO - *******************
2024-02-16 01:33:06,155 - INFO - Simulating model - PV Size: 4.75kWp, Pitch: 35 degrees, Azimuth 90 degrees WoS
2024-02-16 01:33:06,184 - INFO - Simulating model - PV Size: 4.75kWp, Pitch: 35 degrees, Azimuth 45 degrees WoS
2024-02-16 01:33:06,212 - INFO - Simulating model - PV Size: 4.75kWp, Pitch: 35 degrees, Azimuth 0 degrees WoS
2024-02-16 01:33:06,240 - INFO - Simulating model - PV Size: 4.75kWp, Pitch: 35 degrees, Azimuth -45 degrees WoS
2024-02-16 01:33:06,269 - INFO - Simulating model - PV Size: 4.75kWp, Pitch: 35 degrees, Azimuth -90 degrees WoS
2024-02-16 01:33:06,298 - INFO - *******************
2024-02-16 01:33:06,299 - INFO - Solar PV model simulations completed.
2024-02-16 01:33:06,324 - INFO - Solar PV model data aggregated.
2024-02-16 01:33:06,331 - INFO - Solar PV model data summary complete.
2024-02-16 01:33:06,331 - INFO - *******************
2024-02-16 01:33:06,333 - INFO - Solar PV model statistical analysis completed.
2024-02-16 01:33:06,346 - INFO - Solar PV model statistical grouping completed.
2024-02-16 01:33:06,346 - INFO - *******************
2024-02-16 01:33:06,347 - INFO - Solar PV array created: Size: 5.0kW, Pitch: 35deg, Azimuth: 90deg, Lifespan: 25yrs
2024-02-16 01:33:06,347 - INFO - *******************
2024-02-16 01:33:06,348 - INFO - Solar PV array created: Size: 5.0kW, Pitch: 35deg, Azimuth: 45deg, Lifespan: 25yrs
2024-02-16 01:33:06,348 - INFO - *******************
2024-02-16 01:33:06,349 - INFO - Solar PV array created: Size: 5.0kW, Pitch: 35deg, Azimuth: 0deg, Lifespan: 25yrs
2024-02-16 01:33:06,349 - INFO - *******************
2024-02-16 01:33:06,350 - INFO - Solar PV array created: Size: 5.0kW, Pitch: 35deg, Azimuth: -45deg, Lifespan: 25yrs
2024-02-16 01:33:06,350 - INFO - *******************
2024-02-16 01:33:06,351 - INFO - Solar PV array created: Size: 5.0kW, Pitch: 35deg, Azimuth: -90deg, Lifespan: 25yrs
2024-02-16 01:33:06,351 - INFO - *******************
2024-02-16 01:33:06,352 - INFO - *******************
2024-02-16 01:33:06,352 - INFO - Starting Solar PV model simulations.
2024-02-16 01:33:06,352 - INFO - *******************
2024-02-16 01:33:06,353 - INFO - Simulating model - PV Size: 5.0kWp, Pitch: 35 degrees, Azimuth 90 degrees WoS
2024-02-16 01:33:06,382 - INFO - Simulating model - PV Size: 5.0kWp, Pitch: 35 degrees, Azimuth 45 degrees WoS
2024-02-16 01:33:06,410 - INFO - Simulating model - PV Size: 5.0kWp, Pitch: 35 degrees, Azimuth 0 degrees WoS
2024-02-16 01:33:06,438 - INFO - Simulating model - PV Size: 5.0kWp, Pitch: 35 degrees, Azimuth -45 degrees WoS
2024-02-16 01:33:06,467 - INFO - Simulating model - PV Size: 5.0kWp, Pitch: 35 degrees, Azimuth -90 degrees WoS
2024-02-16 01:33:06,496 - INFO - *******************
2024-02-16 01:33:06,497 - INFO - Solar PV model simulations completed.
2024-02-16 01:33:06,521 - INFO - Solar PV model data aggregated.
2024-02-16 01:33:06,527 - INFO - Solar PV model data summary complete.
2024-02-16 01:33:06,528 - INFO - *******************
2024-02-16 01:33:06,530 - INFO - Solar PV model statistical analysis completed.
2024-02-16 01:33:06,543 - INFO - Solar PV model statistical grouping completed.
2024-02-16 01:33:06,544 - INFO - *******************
2024-02-16 01:33:06,544 - INFO - Solar PV array created: Size: 5.25kW, Pitch: 35deg, Azimuth: 90deg, Lifespan: 25yrs
2024-02-16 01:33:06,545 - INFO - *******************
2024-02-16 01:33:06,545 - INFO - Solar PV array created: Size: 5.25kW, Pitch: 35deg, Azimuth: 45deg, Lifespan: 25yrs
2024-02-16 01:33:06,546 - INFO - *******************
2024-02-16 01:33:06,546 - INFO - Solar PV array created: Size: 5.25kW, Pitch: 35deg, Azimuth: 0deg, Lifespan: 25yrs
2024-02-16 01:33:06,547 - INFO - *******************
2024-02-16 01:33:06,547 - INFO - Solar PV array created: Size: 5.25kW, Pitch: 35deg, Azimuth: -45deg, Lifespan: 25yrs
2024-02-16 01:33:06,548 - INFO - *******************
2024-02-16 01:33:06,548 - INFO - Solar PV array created: Size: 5.25kW, Pitch: 35deg, Azimuth: -90deg, Lifespan: 25yrs
2024-02-16 01:33:06,549 - INFO - *******************
2024-02-16 01:33:06,549 - INFO - *******************
2024-02-16 01:33:06,549 - INFO - Starting Solar PV model simulations.
2024-02-16 01:33:06,550 - INFO - *******************
2024-02-16 01:33:06,550 - INFO - Simulating model - PV Size: 5.25kWp, Pitch: 35 degrees, Azimuth 90 degrees WoS
2024-02-16 01:33:06,589 - INFO - Simulating model - PV Size: 5.25kWp, Pitch: 35 degrees, Azimuth 45 degrees WoS
2024-02-16 01:33:06,619 - INFO - Simulating model - PV Size: 5.25kWp, Pitch: 35 degrees, Azimuth 0 degrees WoS
2024-02-16 01:33:06,648 - INFO - Simulating model - PV Size: 5.25kWp, Pitch: 35 degrees, Azimuth -45 degrees WoS
2024-02-16 01:33:06,676 - INFO - Simulating model - PV Size: 5.25kWp, Pitch: 35 degrees, Azimuth -90 degrees WoS
2024-02-16 01:33:06,705 - INFO - *******************
2024-02-16 01:33:06,705 - INFO - Solar PV model simulations completed.
2024-02-16 01:33:06,730 - INFO - Solar PV model data aggregated.
2024-02-16 01:33:06,737 - INFO - Solar PV model data summary complete.
2024-02-16 01:33:06,737 - INFO - *******************
2024-02-16 01:33:06,738 - INFO - Solar PV model statistical analysis completed.
2024-02-16 01:33:06,752 - INFO - Solar PV model statistical grouping completed.
2024-02-16 01:33:06,752 - INFO - *******************
2024-02-16 01:33:06,753 - INFO - Solar PV array created: Size: 5.5kW, Pitch: 35deg, Azimuth: 90deg, Lifespan: 25yrs
2024-02-16 01:33:06,753 - INFO - *******************
2024-02-16 01:33:06,753 - INFO - Solar PV array created: Size: 5.5kW, Pitch: 35deg, Azimuth: 45deg, Lifespan: 25yrs
2024-02-16 01:33:06,754 - INFO - *******************
2024-02-16 01:33:06,754 - INFO - Solar PV array created: Size: 5.5kW, Pitch: 35deg, Azimuth: 0deg, Lifespan: 25yrs
2024-02-16 01:33:06,755 - INFO - *******************
2024-02-16 01:33:06,756 - INFO - Solar PV array created: Size: 5.5kW, Pitch: 35deg, Azimuth: -45deg, Lifespan: 25yrs
2024-02-16 01:33:06,756 - INFO - *******************
2024-02-16 01:33:06,756 - INFO - Solar PV array created: Size: 5.5kW, Pitch: 35deg, Azimuth: -90deg, Lifespan: 25yrs
2024-02-16 01:33:06,757 - INFO - *******************
2024-02-16 01:33:06,757 - INFO - *******************
2024-02-16 01:33:06,758 - INFO - Starting Solar PV model simulations.
2024-02-16 01:33:06,758 - INFO - *******************
2024-02-16 01:33:06,759 - INFO - Simulating model - PV Size: 5.5kWp, Pitch: 35 degrees, Azimuth 90 degrees WoS
2024-02-16 01:33:06,787 - INFO - Simulating model - PV Size: 5.5kWp, Pitch: 35 degrees, Azimuth 45 degrees WoS
2024-02-16 01:33:06,815 - INFO - Simulating model - PV Size: 5.5kWp, Pitch: 35 degrees, Azimuth 0 degrees WoS
2024-02-16 01:33:06,844 - INFO - Simulating model - PV Size: 5.5kWp, Pitch: 35 degrees, Azimuth -45 degrees WoS
2024-02-16 01:33:06,872 - INFO - Simulating model - PV Size: 5.5kWp, Pitch: 35 degrees, Azimuth -90 degrees WoS
2024-02-16 01:33:06,901 - INFO - *******************
2024-02-16 01:33:06,902 - INFO - Solar PV model simulations completed.
2024-02-16 01:33:06,926 - INFO - Solar PV model data aggregated.
2024-02-16 01:33:06,933 - INFO - Solar PV model data summary complete.
2024-02-16 01:33:06,934 - INFO - *******************
2024-02-16 01:33:06,935 - INFO - Solar PV model statistical analysis completed.
2024-02-16 01:33:06,949 - INFO - Solar PV model statistical grouping completed.
2024-02-16 01:33:06,949 - INFO - *******************
2024-02-16 01:33:06,950 - INFO - Solar PV array created: Size: 5.75kW, Pitch: 35deg, Azimuth: 90deg, Lifespan: 25yrs
2024-02-16 01:33:06,950 - INFO - *******************
2024-02-16 01:33:06,951 - INFO - Solar PV array created: Size: 5.75kW, Pitch: 35deg, Azimuth: 45deg, Lifespan: 25yrs
2024-02-16 01:33:06,951 - INFO - *******************
2024-02-16 01:33:06,951 - INFO - Solar PV array created: Size: 5.75kW, Pitch: 35deg, Azimuth: 0deg, Lifespan: 25yrs
2024-02-16 01:33:06,951 - INFO - *******************
2024-02-16 01:33:06,952 - INFO - Solar PV array created: Size: 5.75kW, Pitch: 35deg, Azimuth: -45deg, Lifespan: 25yrs
2024-02-16 01:33:06,952 - INFO - *******************
2024-02-16 01:33:06,953 - INFO - Solar PV array created: Size: 5.75kW, Pitch: 35deg, Azimuth: -90deg, Lifespan: 25yrs
2024-02-16 01:33:06,953 - INFO - *******************
2024-02-16 01:33:06,953 - INFO - *******************
2024-02-16 01:33:06,954 - INFO - Starting Solar PV model simulations.
2024-02-16 01:33:06,955 - INFO - *******************
2024-02-16 01:33:06,955 - INFO - Simulating model - PV Size: 5.75kWp, Pitch: 35 degrees, Azimuth 90 degrees WoS
2024-02-16 01:33:06,984 - INFO - Simulating model - PV Size: 5.75kWp, Pitch: 35 degrees, Azimuth 45 degrees WoS
2024-02-16 01:33:07,013 - INFO - Simulating model - PV Size: 5.75kWp, Pitch: 35 degrees, Azimuth 0 degrees WoS
2024-02-16 01:33:07,042 - INFO - Simulating model - PV Size: 5.75kWp, Pitch: 35 degrees, Azimuth -45 degrees WoS
2024-02-16 01:33:07,070 - INFO - Simulating model - PV Size: 5.75kWp, Pitch: 35 degrees, Azimuth -90 degrees WoS
2024-02-16 01:33:07,098 - INFO - *******************
2024-02-16 01:33:07,099 - INFO - Solar PV model simulations completed.
2024-02-16 01:33:07,123 - INFO - Solar PV model data aggregated.
2024-02-16 01:33:07,130 - INFO - Solar PV model data summary complete.
2024-02-16 01:33:07,130 - INFO - *******************
2024-02-16 01:33:07,132 - INFO - Solar PV model statistical analysis completed.
2024-02-16 01:33:07,145 - INFO - Solar PV model statistical grouping completed.
2024-02-16 01:33:07,146 - INFO - *******************
2024-02-16 01:33:07,146 - INFO - Solar PV array created: Size: 6.0kW, Pitch: 35deg, Azimuth: 90deg, Lifespan: 25yrs
2024-02-16 01:33:07,147 - INFO - *******************
2024-02-16 01:33:07,147 - INFO - Solar PV array created: Size: 6.0kW, Pitch: 35deg, Azimuth: 45deg, Lifespan: 25yrs
2024-02-16 01:33:07,148 - INFO - *******************
2024-02-16 01:33:07,148 - INFO - Solar PV array created: Size: 6.0kW, Pitch: 35deg, Azimuth: 0deg, Lifespan: 25yrs
2024-02-16 01:33:07,148 - INFO - *******************
2024-02-16 01:33:07,149 - INFO - Solar PV array created: Size: 6.0kW, Pitch: 35deg, Azimuth: -45deg, Lifespan: 25yrs
2024-02-16 01:33:07,149 - INFO - *******************
2024-02-16 01:33:07,150 - INFO - Solar PV array created: Size: 6.0kW, Pitch: 35deg, Azimuth: -90deg, Lifespan: 25yrs
2024-02-16 01:33:07,150 - INFO - *******************
2024-02-16 01:33:07,151 - INFO - *******************
2024-02-16 01:33:07,151 - INFO - Starting Solar PV model simulations.
2024-02-16 01:33:07,152 - INFO - *******************
2024-02-16 01:33:07,152 - INFO - Simulating model - PV Size: 6.0kWp, Pitch: 35 degrees, Azimuth 90 degrees WoS
2024-02-16 01:33:07,181 - INFO - Simulating model - PV Size: 6.0kWp, Pitch: 35 degrees, Azimuth 45 degrees WoS
2024-02-16 01:33:07,211 - INFO - Simulating model - PV Size: 6.0kWp, Pitch: 35 degrees, Azimuth 0 degrees WoS
2024-02-16 01:33:07,239 - INFO - Simulating model - PV Size: 6.0kWp, Pitch: 35 degrees, Azimuth -45 degrees WoS
2024-02-16 01:33:07,267 - INFO - Simulating model - PV Size: 6.0kWp, Pitch: 35 degrees, Azimuth -90 degrees WoS
2024-02-16 01:33:07,297 - INFO - *******************
2024-02-16 01:33:07,298 - INFO - Solar PV model simulations completed.
2024-02-16 01:33:07,324 - INFO - Solar PV model data aggregated.
2024-02-16 01:33:07,330 - INFO - Solar PV model data summary complete.
2024-02-16 01:33:07,331 - INFO - *******************
2024-02-16 01:33:07,333 - INFO - Solar PV model statistical analysis completed.
2024-02-16 01:33:07,347 - INFO - Solar PV model statistical grouping completed.
2024-02-16 01:33:07,347 - INFO - *******************
2024-02-16 01:33:07,348 - INFO - Solar PV array created: Size: 6.25kW, Pitch: 35deg, Azimuth: 90deg, Lifespan: 25yrs
2024-02-16 01:33:07,348 - INFO - *******************
2024-02-16 01:33:07,349 - INFO - Solar PV array created: Size: 6.25kW, Pitch: 35deg, Azimuth: 45deg, Lifespan: 25yrs
2024-02-16 01:33:07,350 - INFO - *******************
2024-02-16 01:33:07,350 - INFO - Solar PV array created: Size: 6.25kW, Pitch: 35deg, Azimuth: 0deg, Lifespan: 25yrs
2024-02-16 01:33:07,351 - INFO - *******************
2024-02-16 01:33:07,351 - INFO - Solar PV array created: Size: 6.25kW, Pitch: 35deg, Azimuth: -45deg, Lifespan: 25yrs
2024-02-16 01:33:07,351 - INFO - *******************
2024-02-16 01:33:07,352 - INFO - Solar PV array created: Size: 6.25kW, Pitch: 35deg, Azimuth: -90deg, Lifespan: 25yrs
2024-02-16 01:33:07,352 - INFO - *******************
2024-02-16 01:33:07,353 - INFO - *******************
2024-02-16 01:33:07,354 - INFO - Starting Solar PV model simulations.
2024-02-16 01:33:07,354 - INFO - *******************
2024-02-16 01:33:07,355 - INFO - Simulating model - PV Size: 6.25kWp, Pitch: 35 degrees, Azimuth 90 degrees WoS
2024-02-16 01:33:07,384 - INFO - Simulating model - PV Size: 6.25kWp, Pitch: 35 degrees, Azimuth 45 degrees WoS
2024-02-16 01:33:07,412 - INFO - Simulating model - PV Size: 6.25kWp, Pitch: 35 degrees, Azimuth 0 degrees WoS
2024-02-16 01:33:07,440 - INFO - Simulating model - PV Size: 6.25kWp, Pitch: 35 degrees, Azimuth -45 degrees WoS
2024-02-16 01:33:07,469 - INFO - Simulating model - PV Size: 6.25kWp, Pitch: 35 degrees, Azimuth -90 degrees WoS
2024-02-16 01:33:07,498 - INFO - *******************
2024-02-16 01:33:07,499 - INFO - Solar PV model simulations completed.
2024-02-16 01:33:07,524 - INFO - Solar PV model data aggregated.
2024-02-16 01:33:07,530 - INFO - Solar PV model data summary complete.
2024-02-16 01:33:07,531 - INFO - *******************
2024-02-16 01:33:07,532 - INFO - Solar PV model statistical analysis completed.
2024-02-16 01:33:07,546 - INFO - Solar PV model statistical grouping completed.
2024-02-16 01:33:07,546 - INFO - *******************
2024-02-16 01:33:07,546 - INFO - Solar PV array created: Size: 6.5kW, Pitch: 35deg, Azimuth: 90deg, Lifespan: 25yrs
2024-02-16 01:33:07,547 - INFO - *******************
2024-02-16 01:33:07,547 - INFO - Solar PV array created: Size: 6.5kW, Pitch: 35deg, Azimuth: 45deg, Lifespan: 25yrs
2024-02-16 01:33:07,548 - INFO - *******************
2024-02-16 01:33:07,548 - INFO - Solar PV array created: Size: 6.5kW, Pitch: 35deg, Azimuth: 0deg, Lifespan: 25yrs
2024-02-16 01:33:07,549 - INFO - *******************
2024-02-16 01:33:07,549 - INFO - Solar PV array created: Size: 6.5kW, Pitch: 35deg, Azimuth: -45deg, Lifespan: 25yrs
2024-02-16 01:33:07,550 - INFO - *******************
2024-02-16 01:33:07,551 - INFO - Solar PV array created: Size: 6.5kW, Pitch: 35deg, Azimuth: -90deg, Lifespan: 25yrs
2024-02-16 01:33:07,551 - INFO - *******************
2024-02-16 01:33:07,552 - INFO - *******************
2024-02-16 01:33:07,552 - INFO - Starting Solar PV model simulations.
2024-02-16 01:33:07,553 - INFO - *******************
2024-02-16 01:33:07,553 - INFO - Simulating model - PV Size: 6.5kWp, Pitch: 35 degrees, Azimuth 90 degrees WoS
2024-02-16 01:33:07,582 - INFO - Simulating model - PV Size: 6.5kWp, Pitch: 35 degrees, Azimuth 45 degrees WoS
2024-02-16 01:33:07,610 - INFO - Simulating model - PV Size: 6.5kWp, Pitch: 35 degrees, Azimuth 0 degrees WoS
2024-02-16 01:33:07,639 - INFO - Simulating model - PV Size: 6.5kWp, Pitch: 35 degrees, Azimuth -45 degrees WoS
2024-02-16 01:33:07,668 - INFO - Simulating model - PV Size: 6.5kWp, Pitch: 35 degrees, Azimuth -90 degrees WoS
2024-02-16 01:33:07,698 - INFO - *******************
2024-02-16 01:33:07,698 - INFO - Solar PV model simulations completed.
2024-02-16 01:33:07,726 - INFO - Solar PV model data aggregated.
2024-02-16 01:33:07,733 - INFO - Solar PV model data summary complete.
2024-02-16 01:33:07,734 - INFO - *******************
2024-02-16 01:33:07,735 - INFO - Solar PV model statistical analysis completed.
2024-02-16 01:33:07,750 - INFO - Solar PV model statistical grouping completed.
2024-02-16 01:33:07,751 - INFO - *******************
2024-02-16 01:33:07,751 - INFO - Solar PV array created: Size: 6.75kW, Pitch: 35deg, Azimuth: 90deg, Lifespan: 25yrs
2024-02-16 01:33:07,752 - INFO - *******************
2024-02-16 01:33:07,752 - INFO - Solar PV array created: Size: 6.75kW, Pitch: 35deg, Azimuth: 45deg, Lifespan: 25yrs
2024-02-16 01:33:07,753 - INFO - *******************
2024-02-16 01:33:07,753 - INFO - Solar PV array created: Size: 6.75kW, Pitch: 35deg, Azimuth: 0deg, Lifespan: 25yrs
2024-02-16 01:33:07,754 - INFO - *******************
2024-02-16 01:33:07,754 - INFO - Solar PV array created: Size: 6.75kW, Pitch: 35deg, Azimuth: -45deg, Lifespan: 25yrs
2024-02-16 01:33:07,755 - INFO - *******************
2024-02-16 01:33:07,755 - INFO - Solar PV array created: Size: 6.75kW, Pitch: 35deg, Azimuth: -90deg, Lifespan: 25yrs
2024-02-16 01:33:07,755 - INFO - *******************
2024-02-16 01:33:07,756 - INFO - *******************
2024-02-16 01:33:07,756 - INFO - Starting Solar PV model simulations.
2024-02-16 01:33:07,757 - INFO - *******************
2024-02-16 01:33:07,757 - INFO - Simulating model - PV Size: 6.75kWp, Pitch: 35 degrees, Azimuth 90 degrees WoS
2024-02-16 01:33:07,789 - INFO - Simulating model - PV Size: 6.75kWp, Pitch: 35 degrees, Azimuth 45 degrees WoS
2024-02-16 01:33:07,833 - INFO - Simulating model - PV Size: 6.75kWp, Pitch: 35 degrees, Azimuth 0 degrees WoS
2024-02-16 01:33:07,868 - INFO - Simulating model - PV Size: 6.75kWp, Pitch: 35 degrees, Azimuth -45 degrees WoS
2024-02-16 01:33:07,900 - INFO - Simulating model - PV Size: 6.75kWp, Pitch: 35 degrees, Azimuth -90 degrees WoS
2024-02-16 01:33:07,929 - INFO - *******************
2024-02-16 01:33:07,930 - INFO - Solar PV model simulations completed.
2024-02-16 01:33:07,959 - INFO - Solar PV model data aggregated.
2024-02-16 01:33:07,965 - INFO - Solar PV model data summary complete.
2024-02-16 01:33:07,966 - INFO - *******************
2024-02-16 01:33:07,967 - INFO - Solar PV model statistical analysis completed.
2024-02-16 01:33:07,981 - INFO - Solar PV model statistical grouping completed.
2024-02-16 01:33:07,982 - INFO - *******************
2024-02-16 01:33:07,982 - INFO - Solar PV array created: Size: 7.0kW, Pitch: 35deg, Azimuth: 90deg, Lifespan: 25yrs
2024-02-16 01:33:07,983 - INFO - *******************
2024-02-16 01:33:07,983 - INFO - Solar PV array created: Size: 7.0kW, Pitch: 35deg, Azimuth: 45deg, Lifespan: 25yrs
2024-02-16 01:33:07,984 - INFO - *******************
2024-02-16 01:33:07,984 - INFO - Solar PV array created: Size: 7.0kW, Pitch: 35deg, Azimuth: 0deg, Lifespan: 25yrs
2024-02-16 01:33:07,984 - INFO - *******************
2024-02-16 01:33:07,985 - INFO - Solar PV array created: Size: 7.0kW, Pitch: 35deg, Azimuth: -45deg, Lifespan: 25yrs
2024-02-16 01:33:07,985 - INFO - *******************
2024-02-16 01:33:07,986 - INFO - Solar PV array created: Size: 7.0kW, Pitch: 35deg, Azimuth: -90deg, Lifespan: 25yrs
2024-02-16 01:33:07,986 - INFO - *******************
2024-02-16 01:33:07,987 - INFO - *******************
2024-02-16 01:33:07,987 - INFO - Starting Solar PV model simulations.
2024-02-16 01:33:07,988 - INFO - *******************
2024-02-16 01:33:07,988 - INFO - Simulating model - PV Size: 7.0kWp, Pitch: 35 degrees, Azimuth 90 degrees WoS
2024-02-16 01:33:08,019 - INFO - Simulating model - PV Size: 7.0kWp, Pitch: 35 degrees, Azimuth 45 degrees WoS
2024-02-16 01:33:08,050 - INFO - Simulating model - PV Size: 7.0kWp, Pitch: 35 degrees, Azimuth 0 degrees WoS
2024-02-16 01:33:08,079 - INFO - Simulating model - PV Size: 7.0kWp, Pitch: 35 degrees, Azimuth -45 degrees WoS
2024-02-16 01:33:08,108 - INFO - Simulating model - PV Size: 7.0kWp, Pitch: 35 degrees, Azimuth -90 degrees WoS
2024-02-16 01:33:08,138 - INFO - *******************
2024-02-16 01:33:08,138 - INFO - Solar PV model simulations completed.
2024-02-16 01:33:08,164 - INFO - Solar PV model data aggregated.
2024-02-16 01:33:08,171 - INFO - Solar PV model data summary complete.
2024-02-16 01:33:08,171 - INFO - *******************
2024-02-16 01:33:08,173 - INFO - Solar PV model statistical analysis completed.
2024-02-16 01:33:08,186 - INFO - Solar PV model statistical grouping completed.
2024-02-16 01:33:08,187 - INFO - *******************
2024-02-16 01:33:08,188 - INFO - Solar PV array created: Size: 7.25kW, Pitch: 35deg, Azimuth: 90deg, Lifespan: 25yrs
2024-02-16 01:33:08,188 - INFO - *******************
2024-02-16 01:33:08,189 - INFO - Solar PV array created: Size: 7.25kW, Pitch: 35deg, Azimuth: 45deg, Lifespan: 25yrs
2024-02-16 01:33:08,189 - INFO - *******************
2024-02-16 01:33:08,190 - INFO - Solar PV array created: Size: 7.25kW, Pitch: 35deg, Azimuth: 0deg, Lifespan: 25yrs
2024-02-16 01:33:08,190 - INFO - *******************
2024-02-16 01:33:08,191 - INFO - Solar PV array created: Size: 7.25kW, Pitch: 35deg, Azimuth: -45deg, Lifespan: 25yrs
2024-02-16 01:33:08,191 - INFO - *******************
2024-02-16 01:33:08,192 - INFO - Solar PV array created: Size: 7.25kW, Pitch: 35deg, Azimuth: -90deg, Lifespan: 25yrs
2024-02-16 01:33:08,192 - INFO - *******************
2024-02-16 01:33:08,193 - INFO - *******************
2024-02-16 01:33:08,193 - INFO - Starting Solar PV model simulations.
2024-02-16 01:33:08,194 - INFO - *******************
2024-02-16 01:33:08,194 - INFO - Simulating model - PV Size: 7.25kWp, Pitch: 35 degrees, Azimuth 90 degrees WoS
2024-02-16 01:33:08,223 - INFO - Simulating model - PV Size: 7.25kWp, Pitch: 35 degrees, Azimuth 45 degrees WoS
2024-02-16 01:33:08,253 - INFO - Simulating model - PV Size: 7.25kWp, Pitch: 35 degrees, Azimuth 0 degrees WoS
2024-02-16 01:33:08,282 - INFO - Simulating model - PV Size: 7.25kWp, Pitch: 35 degrees, Azimuth -45 degrees WoS
2024-02-16 01:33:08,312 - INFO - Simulating model - PV Size: 7.25kWp, Pitch: 35 degrees, Azimuth -90 degrees WoS
2024-02-16 01:33:08,341 - INFO - *******************
2024-02-16 01:33:08,342 - INFO - Solar PV model simulations completed.
2024-02-16 01:33:08,367 - INFO - Solar PV model data aggregated.
2024-02-16 01:33:08,374 - INFO - Solar PV model data summary complete.
2024-02-16 01:33:08,375 - INFO - *******************
2024-02-16 01:33:08,377 - INFO - Solar PV model statistical analysis completed.
2024-02-16 01:33:08,391 - INFO - Solar PV model statistical grouping completed.
2024-02-16 01:33:08,391 - INFO - *******************
2024-02-16 01:33:08,458 - INFO - Using categorical units to plot a list of strings that are all parsable as floats or dates. If these strings should be plotted as numbers, cast to the appropriate data type before plotting.
2024-02-16 01:33:08,463 - INFO - Using categorical units to plot a list of strings that are all parsable as floats or dates. If these strings should be plotted as numbers, cast to the appropriate data type before plotting.
2024-02-16 01:33:08,686 - INFO - Using categorical units to plot a list of strings that are all parsable as floats or dates. If these strings should be plotted as numbers, cast to the appropriate data type before plotting.
2024-02-16 01:33:08,691 - INFO - Using categorical units to plot a list of strings that are all parsable as floats or dates. If these strings should be plotted as numbers, cast to the appropriate data type before plotting.
2024-02-16 01:33:08,995 - INFO - Using categorical units to plot a list of strings that are all parsable as floats or dates. If these strings should be plotted as numbers, cast to the appropriate data type before plotting.
2024-02-16 01:33:09,001 - INFO - Using categorical units to plot a list of strings that are all parsable as floats or dates. If these strings should be plotted as numbers, cast to the appropriate data type before plotting.
2024-02-16 01:33:12,021 - INFO - Using categorical units to plot a list of strings that are all parsable as floats or dates. If these strings should be plotted as numbers, cast to the appropriate data type before plotting.
2024-02-16 01:33:12,026 - INFO - Using categorical units to plot a list of strings that are all parsable as floats or dates. If these strings should be plotted as numbers, cast to the appropriate data type before plotting.
